
          -------------------------------------------------------
          Amber 22 PMEMD                              2022
          -------------------------------------------------------

| PMEMD implementation of SANDER, Release 22

|  Compiled date/time: Thu Apr 14 12:06:37 2022
| Run on 09/11/2023 at 17:25:50

|   Executable path: pmemd.cuda
| Working directory: /pl/active/LugerLab-EM/people/shawn/md_sims/bdello/bd0055_rna_implicit/rep0/scripts
|          Hostname: bgpu-biokem2

  [-O]verwriting output

File Assignments:
|   MDIN: 25ns_4fs_per_step.in                                                  
|  MDOUT: ../outputs/bd0055_rna_50ns.out                                        
| INPCRD: ../restarts/bd0055_rna_25ns.rst                                       
|   PARM: ../bd0055_rna_buffer.prmtop                                           
| RESTRT: ../restarts/bd0055_rna_50ns.rst                                       
|   REFC: refc                                                                  
|  MDVEL: mdvel                                                                 
|   MDEN: mden                                                                  
|  MDCRD: ../trajectories/bd0055_rna_50ns.nc                                    
| MDINFO: ../mdinfo/bd0055_rna_50ns.mdinfo                                      
|  MDFRC: mdfrc                                                                 


 Here is the input file:

 &cntrl                                                                        
   ntx = 5,                                                                    
   ntwx = 2500, ntwe = 0, ntwr = 2500,                                         
   ntpr = 2500,                                                                
                                                                               
   ioutfm=1, ntxo=2,                                                           
                                                                               
   imin = 0, nstlim = 6250000, dt = 0.004,                                     
                                                                               
   ntt = 3, gamma_ln=1., temp0 = 300.0,                                        
   nscm = 1000, ig = -1, irest = 1,                                            
                                                                               
   ntc= 2, ntf = 2, cut = 1000,                                                
                                                                               
   igb=8, gbsa=3, surften=0.007, ntb = 0,                                      
   saltcon=0.,                                                                 
 /                                                                             


Note: ig = -1. Setting random seed to   993436 based on wallclock time in 
      microseconds.
| irandom = 1, using AMBER's internal random number generator (default).
 
|--------------------- INFORMATION ----------------------
| GPU (CUDA) Version of PMEMD in use: NVIDIA GPU IN USE.
|                    Version 18.0.0
| 
|                      03/25/2018
| 
| Implementation by:
|                    Ross C. Walker     (SDSC)
|                    Scott Le Grand     (nVIDIA)
| 
| Version 18 performance extensions by:
|                    David Cerutti     (Rutgers)
| 
| Precision model in use:
|      [SPFP] - Single Precision Forces, 64-bit Fixed Point
|               Accumulation. (Default)
| 
|--------------------------------------------------------
 
|----------------- CITATION INFORMATION -----------------
|
|    When publishing work that utilized the CUDA version
|    of AMBER, please cite the following in addition to
|    the regular AMBER citations:
|
|  - Andreas W. Goetz; Mark J. Williamson; Dong Xu;
|    Duncan Poole; Scott Le Grand; Ross C. Walker
|    "Routine microsecond molecular dynamics simulations
|    with AMBER - Part I: Generalized Born", J. Chem.
|    Theory Comput., 2012, 8 (5), pp1542-1555.
|
|  - Scott Le Grand; Andreas W. Goetz; Ross C. Walker
|    "SPFP: Speed without compromise - a mixed precision
|    model for GPU accelerated molecular dynamics
|    simulations.", Comp. Phys. Comm., 2013, 184
|    pp374-380, DOI: 10.1016/j.cpc.2012.09.022
|
|--------------------------------------------------------
 
|------------------- GPU DEVICE INFO --------------------
|
|            CUDA_VISIBLE_DEVICES: 0
|   CUDA Capable Devices Detected:      1
|           CUDA Device ID in use:      0
|                CUDA Device Name: NVIDIA A100-PCIE-40GB
|     CUDA Device Global Mem Size:  40536 MB
| CUDA Device Num Multiprocessors:    108
|           CUDA Device Core Freq:   1.41 GHz
|
|--------------------------------------------------------
 

  Unit    9 Error on OPEN: ../restarts/bd0055_rna_25ns.rst                                                                                                                                                                                                                                 
