
          -------------------------------------------------------
          Amber 22 PMEMD                              2022
          -------------------------------------------------------

| PMEMD implementation of SANDER, Release 22

|  Compiled date/time: Thu Apr 14 12:06:37 2022
| Run on 09/11/2023 at 16:35:32

|   Executable path: pmemd.cuda
| Working directory: /pl/active/LugerLab-EM/people/shawn/md_sims/bdello/bd0055_rna_implicit/rep0/scripts
|          Hostname: bgpu-biokem2

  [-O]verwriting output

File Assignments:
|   MDIN: eq1.in                                                                
|  MDOUT: ../outputs/eq1.out                                                    
| INPCRD: ../restarts/bd0055_rna_heat.rst                                       
|   PARM: ../bd0055_rna.prmtop                                                  
| RESTRT: ../restarts/bd0055_rna_eq1.rst                                        
|   REFC: ../restarts/bd0055_rna_heat.rst                                       
|  MDVEL: mdvel                                                                 
|   MDEN: mden                                                                  
|  MDCRD: ../trajectories/bd0055_rna_eq1.nc                                     
| MDINFO: ../mdinfo/bd0055_rna_eq1.info                                         
|  MDFRC: mdfrc                                                                 


 Here is the input file:

 &cntrl                                                                        
   ntx = 5,                                                                    
                                                                               
   ntwx = 5000, ntwe = 0, ntwr = 500,                                          
   ntpr = 5000,                                                                
                                                                               
   ioutfm=0, ntxo=1,                                                           
                                                                               
   imin = 0, nstlim = 125000, dt = 0.002,                                      
                                                                               
   ntt = 3, gamma_ln=1.0, temp0 = 300.0,                                       
   nscm = 1000, ig = -1, irest = 1,                                            
                                                                               
   ntc= 2, ntf = 2, cut = 1000,                                                
                                                                               
   igb=8, gbsa=3, surften=0.007, ntb = 0,                                      
   saltcon=0.,                                                                 
                                                                               
   ntr=1, restraintmask="@CA,N,C,O",                                           
   restraint_wt=1.0,                                                           
 /                                                                             


Note: ig = -1. Setting random seed to   964939 based on wallclock time in 
      microseconds.
| irandom = 1, using AMBER's internal random number generator (default).
 
|--------------------- INFORMATION ----------------------
| GPU (CUDA) Version of PMEMD in use: NVIDIA GPU IN USE.
|                    Version 18.0.0
| 
|                      03/25/2018
| 
| Implementation by:
|                    Ross C. Walker     (SDSC)
|                    Scott Le Grand     (nVIDIA)
| 
| Version 18 performance extensions by:
|                    David Cerutti     (Rutgers)
| 
| Precision model in use:
|      [SPFP] - Single Precision Forces, 64-bit Fixed Point
|               Accumulation. (Default)
| 
|--------------------------------------------------------
 
|----------------- CITATION INFORMATION -----------------
|
|    When publishing work that utilized the CUDA version
|    of AMBER, please cite the following in addition to
|    the regular AMBER citations:
|
|  - Andreas W. Goetz; Mark J. Williamson; Dong Xu;
|    Duncan Poole; Scott Le Grand; Ross C. Walker
|    "Routine microsecond molecular dynamics simulations
|    with AMBER - Part I: Generalized Born", J. Chem.
|    Theory Comput., 2012, 8 (5), pp1542-1555.
|
|  - Scott Le Grand; Andreas W. Goetz; Ross C. Walker
|    "SPFP: Speed without compromise - a mixed precision
|    model for GPU accelerated molecular dynamics
|    simulations.", Comp. Phys. Comm., 2013, 184
|    pp374-380, DOI: 10.1016/j.cpc.2012.09.022
|
|--------------------------------------------------------
 
|------------------- GPU DEVICE INFO --------------------
|
|            CUDA_VISIBLE_DEVICES: 0
|   CUDA Capable Devices Detected:      1
|           CUDA Device ID in use:      0
|                CUDA Device Name: NVIDIA A100-PCIE-40GB
|     CUDA Device Global Mem Size:  40536 MB
| CUDA Device Num Multiprocessors:    108
|           CUDA Device Core Freq:   1.41 GHz
|
|--------------------------------------------------------
 
| Conditional Compilation Defines Used:
| PUBFFT
| BINTRAJ
| CUDA
| EMIL

| New format PARM file being parsed.
| Version =    1.000 Date = 09/11/23 Time = 12:31:41

| Note: 1-4 EEL scale factors are being read from the topology file.

| Note: 1-4 VDW scale factors are being read from the topology file.
| INFO:    Reading atomic numbers from topology file.
| Duplicated    0 dihedrals

| Duplicated    0 dihedrals

--------------------------------------------------------------------------------
   1.  RESOURCE   USE: 
--------------------------------------------------------------------------------

 NATOM  =   12489 NTYPES =      14 NBONH =    4203 MBONA  =    9245
 NTHETH =    9705 MTHETA =   14386 NPHIH =   21827 MPHIA  =   28205
 NHPARM =       0 NPARM  =       0 NNB   =   70039 NRES   =     393
 NBONA  =    9245 NTHETA =   14386 NPHIA =   28205 NUMBND =      46
 NUMANG =      94 NPTRA  =      62 NATYP =      27 NPHB   =       0
 IFBOX  =       0 NMXRS  =      34 IFCAP =       0 NEXTRA =       0
 NCOPY  =       0

 Implicit solvent radii are ArgH and AspGluO modified Bondi2 radii (mbondi3)                                
 Replacing prmtop screening parameters with GBn2 (igb=8) values
--------------------------------------------------------------------------------
   2.  CONTROL  DATA  FOR  THE  RUN
--------------------------------------------------------------------------------

default_name                                                                    

General flags:
     imin    =       0, nmropt  =       0

Nature and format of input:
     ntx     =       5, irest   =       1, ntrx    =       1

Nature and format of output:
     ntxo    =       1, ntpr    =    5000, ntrx    =       1, ntwr    =     500
     iwrap   =       0, ntwx    =    5000, ntwv    =       0, ntwe    =       0
     ioutfm  =       0, ntwprt  =       0, idecomp =       0, rbornstat=      0

Potential function:
     ntf     =       2, ntb     =       0, igb     =       8, nsnb    =      25
     ipol    =       0, gbsa    =       3, iesp    =       0
     dielc   =   1.00000, cut     =1000.00000, intdiel =   1.00000
     saltcon =   0.00000, offset  =   0.19514, surften =   0.00700
     rdt     =   0.00000, rgbmax  =  25.00000  extdiel =  78.50000
     alpb  =        0
     gbalphaH  =   0.78844, gbbetaH   =   0.79870,  gbgammaH  =    0.43733
     gbalphaC  =   0.73376, gbbetaC   =   0.50638,  gbgammaC  =    0.20584
     gbalphaN  =   0.50336, gbbetaN   =   0.31683,  gbgammaN  =    0.19292
     gbalphaOS =   0.86781, gbbetaOS  =   0.87664,  gbgammaOS =    0.38788
     gbalphaP  =   1.00000, gbbetaP   =   0.80000,  gbgammaP  =    4.85000
     gb_alpha_hnu  =   0.53705, gb_beta_hnu   =   0.36286,  gb_gamma_hnu  =    0.11670
     gb_alpha_cnu  =   0.33167, gb_beta_cnu   =   0.19684,  gb_gamma_cnu  =    0.09342
     gb_alpha_nnu  =   0.68631, gb_beta_nnu   =   0.46319,  gb_gamma_nnu  =    0.13872
     gb_alpha_onu  =   0.60634, gb_beta_onu   =   0.46301,  gb_gamma_onu  =    0.14226
     gb_alpha_pnu  =   0.41836, gb_beta_pnu   =   0.29005,  gb_gamma_pnu  =    0.10642

Frozen or restrained atoms:
     ibelly  =       0, ntr     =       1
     restraint_wt =   1.00000

Molecular dynamics:
     nstlim  =    125000, nscm    =         0, nrespa  =         1
     t       =   0.00000, dt      =   0.00200, vlimit  =  -1.00000

Langevin dynamics temperature regulation:
     ig      =  964939
     temp0   = 300.00000, tempi   =   0.00000, gamma_ln=   1.00000

SHAKE:
     ntc     =       2, jfastw  =       0
     tol     =   0.00001

| Intermolecular bonds treatment:
|     no_intermolecular_bonds =       1

| Energy averages sample interval:
|     ene_avg_sampling =    5000

    LOADING THE CONSTRAINED ATOMS AS GROUPS


   5.  REFERENCE ATOM COORDINATES

  default_name                                                                    
     Mask @CA,N,C,O; matches     0 atoms

--------------------------------------------------------------------------------
   3.  ATOMIC COORDINATES AND VELOCITIES
--------------------------------------------------------------------------------

default_name                                                                    
 begin time read from input coords =  1000.000 ps

 
 Number of triangulated 3-point waters found:        0
| Dynamic Memory, Types Used:
| Reals              417615
| Integers          1422398

| GPU memory information (estimate):
| KB of GPU memory in use:     48275
| KB of CPU memory in use:     10739

--------------------------------------------------------------------------------
   4.  RESULTS
--------------------------------------------------------------------------------


 NSTEP =     5000   TIME(PS) =    1010.000  TEMP(K) =   302.27  PRESS =     0.0
 Etot   =    -67963.1500  EKtot   =      9990.2080  EPtot      =    -77953.3580
 BOND   =      3461.8711  ANGLE   =      6585.9942  DIHED      =      9563.8010
 1-4 NB =      3342.9197  1-4 EEL =    -38757.2549  VDWAALS    =     -5825.4581
 EELEC  =    160428.7737  EGB     =   -217181.4309  RESTRAINT  =         0.0000
 ESURF=       427.4262
 ------------------------------------------------------------------------------


 NSTEP =    10000   TIME(PS) =    1020.000  TEMP(K) =   302.55  PRESS =     0.0
 Etot   =    -67834.5652  EKtot   =      9999.4580  EPtot      =    -77834.0232
 BOND   =      3426.6602  ANGLE   =      6653.8950  DIHED      =      9575.8775
 1-4 NB =      3299.8672  1-4 EEL =    -38867.3338  VDWAALS    =     -5794.9903
 EELEC  =    160860.0251  EGB     =   -217421.7047  RESTRAINT  =         0.0000
 ESURF=       433.6807
 ------------------------------------------------------------------------------


 NSTEP =    15000   TIME(PS) =    1030.000  TEMP(K) =   299.17  PRESS =     0.0
 Etot   =    -68119.5859  EKtot   =      9887.7734  EPtot      =    -78007.3594
 BOND   =      3408.7128  ANGLE   =      6613.7633  DIHED      =      9549.5620
 1-4 NB =      3329.0387  1-4 EEL =    -38734.5139  VDWAALS    =     -5857.6319
 EELEC  =    159725.3274  EGB     =   -216466.6344  RESTRAINT  =         0.0000
 ESURF=       425.0166
 ------------------------------------------------------------------------------


 NSTEP =    20000   TIME(PS) =    1040.000  TEMP(K) =   299.81  PRESS =     0.0
 Etot   =    -67982.8391  EKtot   =      9908.8594  EPtot      =    -77891.6985
 BOND   =      3435.2654  ANGLE   =      6612.8871  DIHED      =      9572.5592
 1-4 NB =      3329.0570  1-4 EEL =    -38750.6283  VDWAALS    =     -5769.4112
 EELEC  =    159564.1046  EGB     =   -216313.4631  RESTRAINT  =         0.0000
 ESURF=       427.9308
 ------------------------------------------------------------------------------


 NSTEP =    25000   TIME(PS) =    1050.000  TEMP(K) =   298.22  PRESS =     0.0
 Etot   =    -68139.9098  EKtot   =      9856.3691  EPtot      =    -77996.2789
 BOND   =      3497.7628  ANGLE   =      6488.3075  DIHED      =      9588.3453
 1-4 NB =      3324.7952  1-4 EEL =    -38768.7893  VDWAALS    =     -5777.3739
 EELEC  =    159703.3946  EGB     =   -216486.0706  RESTRAINT  =         0.0000
 ESURF=       433.3495
 ------------------------------------------------------------------------------


 NSTEP =    30000   TIME(PS) =    1060.000  TEMP(K) =   300.50  PRESS =     0.0
 Etot   =    -67968.0037  EKtot   =      9931.8271  EPtot      =    -77899.8309
 BOND   =      3470.7582  ANGLE   =      6614.3123  DIHED      =      9570.8968
 1-4 NB =      3344.1623  1-4 EEL =    -38636.9149  VDWAALS    =     -5788.9556
 EELEC  =    158483.0621  EGB     =   -215385.6295  RESTRAINT  =         0.0000
 ESURF=       428.4774
 ------------------------------------------------------------------------------


 NSTEP =    35000   TIME(PS) =    1070.000  TEMP(K) =   300.69  PRESS =     0.0
 Etot   =    -68078.4376  EKtot   =      9938.1865  EPtot      =    -78016.6242
 BOND   =      3396.2743  ANGLE   =      6544.9687  DIHED      =      9590.6697
 1-4 NB =      3283.0226  1-4 EEL =    -38657.4726  VDWAALS    =     -5730.2366
 EELEC  =    157649.6538  EGB     =   -214524.9247  RESTRAINT  =         0.0000
 ESURF=       431.4207
 ------------------------------------------------------------------------------


 NSTEP =    40000   TIME(PS) =    1080.000  TEMP(K) =   303.95  PRESS =     0.0
 Etot   =    -67931.8019  EKtot   =     10045.9404  EPtot      =    -77977.7423
 BOND   =      3342.1070  ANGLE   =      6522.4202  DIHED      =      9618.8694
 1-4 NB =      3310.4822  1-4 EEL =    -38631.3823  VDWAALS    =     -5719.0974
 EELEC  =    158204.2884  EGB     =   -215057.6147  RESTRAINT  =         0.0000
 ESURF=       432.1850
 ------------------------------------------------------------------------------


 NSTEP =    45000   TIME(PS) =    1090.000  TEMP(K) =   301.69  PRESS =     0.0
 Etot   =    -67901.5793  EKtot   =      9971.1084  EPtot      =    -77872.6877
 BOND   =      3493.7652  ANGLE   =      6646.0773  DIHED      =      9619.3967
 1-4 NB =      3276.2184  1-4 EEL =    -38823.9337  VDWAALS    =     -5751.7883
 EELEC  =    157847.7261  EGB     =   -214615.3499  RESTRAINT  =         0.0000
 ESURF=       435.2004
 ------------------------------------------------------------------------------


 NSTEP =    50000   TIME(PS) =    1100.000  TEMP(K) =   298.28  PRESS =     0.0
 Etot   =    -68014.6692  EKtot   =      9858.5352  EPtot      =    -77873.2043
 BOND   =      3460.3910  ANGLE   =      6535.9569  DIHED      =      9616.7739
 1-4 NB =      3291.1201  1-4 EEL =    -38619.4393  VDWAALS    =     -5709.2492
 EELEC  =    156779.8164  EGB     =   -213661.8841  RESTRAINT  =         0.0000
 ESURF=       433.3098
 ------------------------------------------------------------------------------


 NSTEP =    55000   TIME(PS) =    1110.000  TEMP(K) =   301.55  PRESS =     0.0
 Etot   =    -68064.3894  EKtot   =      9966.6855  EPtot      =    -78031.0749
 BOND   =      3434.7576  ANGLE   =      6455.3609  DIHED      =      9602.6857
 1-4 NB =      3290.8088  1-4 EEL =    -38699.2706  VDWAALS    =     -5725.2631
 EELEC  =    156690.0825  EGB     =   -213517.2163  RESTRAINT  =         0.0000
 ESURF=       436.9795
 ------------------------------------------------------------------------------


 NSTEP =    60000   TIME(PS) =    1120.000  TEMP(K) =   299.18  PRESS =     0.0
 Etot   =    -68002.5129  EKtot   =      9888.0908  EPtot      =    -77890.6038
 BOND   =      3516.6462  ANGLE   =      6549.7714  DIHED      =      9557.0157
 1-4 NB =      3307.9958  1-4 EEL =    -38693.8762  VDWAALS    =     -5698.1187
 EELEC  =    156574.2112  EGB     =   -213445.6194  RESTRAINT  =         0.0000
 ESURF=       441.3703
 ------------------------------------------------------------------------------


 NSTEP =    65000   TIME(PS) =    1130.000  TEMP(K) =   297.91  PRESS =     0.0
 Etot   =    -67988.6991  EKtot   =      9846.2080  EPtot      =    -77834.9071
 BOND   =      3463.9323  ANGLE   =      6557.8457  DIHED      =      9613.0150
 1-4 NB =      3328.4380  1-4 EEL =    -38633.0300  VDWAALS    =     -5744.9994
 EELEC  =    156523.6200  EGB     =   -213378.0223  RESTRAINT  =         0.0000
 ESURF=       434.2936
 ------------------------------------------------------------------------------


 NSTEP =    70000   TIME(PS) =    1140.000  TEMP(K) =   299.18  PRESS =     0.0
 Etot   =    -68084.9201  EKtot   =      9888.1650  EPtot      =    -77973.0851
 BOND   =      3376.8518  ANGLE   =      6568.6953  DIHED      =      9615.0845
 1-4 NB =      3372.1053  1-4 EEL =    -38733.3779  VDWAALS    =     -5696.6480
 EELEC  =    156359.6597  EGB     =   -213271.1886  RESTRAINT  =         0.0000
 ESURF=       435.7327
 ------------------------------------------------------------------------------


 NSTEP =    75000   TIME(PS) =    1150.000  TEMP(K) =   298.84  PRESS =     0.0
 Etot   =    -68205.5031  EKtot   =      9876.8359  EPtot      =    -78082.3391
 BOND   =      3346.9039  ANGLE   =      6520.1523  DIHED      =      9522.2957
 1-4 NB =      3306.6104  1-4 EEL =    -38760.8248  VDWAALS    =     -5731.6078
 EELEC  =    157010.1984  EGB     =   -213729.7645  RESTRAINT  =         0.0000
 ESURF=       433.6973
 ------------------------------------------------------------------------------


 NSTEP =    80000   TIME(PS) =    1160.000  TEMP(K) =   302.23  PRESS =     0.0
 Etot   =    -68059.9173  EKtot   =      9988.9912  EPtot      =    -78048.9085
 BOND   =      3329.8909  ANGLE   =      6504.1504  DIHED      =      9634.9315
 1-4 NB =      3304.0149  1-4 EEL =    -38538.5238  VDWAALS    =     -5767.4265
 EELEC  =    156011.2825  EGB     =   -212957.6756  RESTRAINT  =         0.0000
 ESURF=       430.4474
 ------------------------------------------------------------------------------


 NSTEP =    85000   TIME(PS) =    1170.000  TEMP(K) =   296.17  PRESS =     0.0
 Etot   =    -68072.5798  EKtot   =      9788.8545  EPtot      =    -77861.4343
 BOND   =      3457.1393  ANGLE   =      6522.8852  DIHED      =      9684.9945
 1-4 NB =      3284.2472  1-4 EEL =    -38710.9847  VDWAALS    =     -5738.9874
 EELEC  =    155656.3149  EGB     =   -212448.0835  RESTRAINT  =         0.0000
 ESURF=       431.0402
 ------------------------------------------------------------------------------


 NSTEP =    90000   TIME(PS) =    1180.000  TEMP(K) =   302.15  PRESS =     0.0
 Etot   =    -68030.1728  EKtot   =      9986.4893  EPtot      =    -78016.6620
 BOND   =      3358.2460  ANGLE   =      6472.8385  DIHED      =      9594.0771
 1-4 NB =      3330.7651  1-4 EEL =    -38579.0339  VDWAALS    =     -5699.9288
 EELEC  =    155833.9634  EGB     =   -212761.2446  RESTRAINT  =         0.0000
 ESURF=       433.6550
 ------------------------------------------------------------------------------


 NSTEP =    95000   TIME(PS) =    1190.000  TEMP(K) =   301.82  PRESS =     0.0
 Etot   =    -67905.6716  EKtot   =      9975.5166  EPtot      =    -77881.1882
 BOND   =      3468.3856  ANGLE   =      6522.0772  DIHED      =      9687.4454
 1-4 NB =      3309.6467  1-4 EEL =    -38615.6642  VDWAALS    =     -5699.0083
 EELEC  =    155297.8554  EGB     =   -212286.9617  RESTRAINT  =         0.0000
 ESURF=       435.0357
 ------------------------------------------------------------------------------


 NSTEP =   100000   TIME(PS) =    1200.000  TEMP(K) =   298.54  PRESS =     0.0
 Etot   =    -67974.5590  EKtot   =      9866.9941  EPtot      =    -77841.5531
 BOND   =      3437.0590  ANGLE   =      6626.3584  DIHED      =      9585.6070
 1-4 NB =      3306.0478  1-4 EEL =    -38807.8678  VDWAALS    =     -5715.8824
 EELEC  =    155716.2974  EGB     =   -212423.8855  RESTRAINT  =         0.0000
 ESURF=       434.7131
 ------------------------------------------------------------------------------


 NSTEP =   105000   TIME(PS) =    1210.000  TEMP(K) =   300.59  PRESS =     0.0
 Etot   =    -67936.3392  EKtot   =      9934.9492  EPtot      =    -77871.2884
 BOND   =      3404.6918  ANGLE   =      6628.6966  DIHED      =      9605.5932
 1-4 NB =      3297.8487  1-4 EEL =    -38738.9111  VDWAALS    =     -5656.7853
 EELEC  =    155264.2597  EGB     =   -212118.7086  RESTRAINT  =         0.0000
 ESURF=       442.0266
 ------------------------------------------------------------------------------


 NSTEP =   110000   TIME(PS) =    1220.000  TEMP(K) =   302.39  PRESS =     0.0
 Etot   =    -67820.2064  EKtot   =      9994.3828  EPtot      =    -77814.5893
 BOND   =      3455.4725  ANGLE   =      6607.0231  DIHED      =      9634.9488
 1-4 NB =      3296.8834  1-4 EEL =    -38725.5208  VDWAALS    =     -5679.2699
 EELEC  =    155435.9679  EGB     =   -212277.6478  RESTRAINT  =         0.0000
 ESURF=       437.5537
 ------------------------------------------------------------------------------


 NSTEP =   115000   TIME(PS) =    1230.000  TEMP(K) =   301.98  PRESS =     0.0
 Etot   =    -67823.9410  EKtot   =      9980.8418  EPtot      =    -77804.7828
 BOND   =      3455.7212  ANGLE   =      6617.0891  DIHED      =      9649.7246
 1-4 NB =      3338.2009  1-4 EEL =    -38671.7360  VDWAALS    =     -5668.7898
 EELEC  =    155238.1889  EGB     =   -212203.1469  RESTRAINT  =         0.0000
 ESURF=       439.9652
 ------------------------------------------------------------------------------


 NSTEP =   120000   TIME(PS) =    1240.000  TEMP(K) =   300.07  PRESS =     0.0
 Etot   =    -68047.6453  EKtot   =      9917.7207  EPtot      =    -77965.3660
 BOND   =      3363.7490  ANGLE   =      6496.0926  DIHED      =      9674.1164
 1-4 NB =      3326.8801  1-4 EEL =    -38740.9818  VDWAALS    =     -5626.6323
 EELEC  =    154601.2344  EGB     =   -211501.2438  RESTRAINT  =         0.0000
 ESURF=       441.4193
 ------------------------------------------------------------------------------


 NSTEP =   125000   TIME(PS) =    1250.000  TEMP(K) =   300.38  PRESS =     0.0
 Etot   =    -68032.3210  EKtot   =      9927.7266  EPtot      =    -77960.0475
 BOND   =      3490.8541  ANGLE   =      6548.2767  DIHED      =      9553.7535
 1-4 NB =      3305.4284  1-4 EEL =    -38859.7012  VDWAALS    =     -5627.3639
 EELEC  =    154455.7202  EGB     =   -211264.5673  RESTRAINT  =         0.0000
 ESURF=       437.5520
 ------------------------------------------------------------------------------


      A V E R A G E S   O V E R      25 S T E P S


 NSTEP =   125000   TIME(PS) =    1250.000  TEMP(K) =   300.40  PRESS =     0.0
 Etot   =    -67999.3568  EKtot   =      9928.6687  EPtot      =    -77928.0255
 BOND   =      3430.1548  ANGLE   =      6560.6358  DIHED      =      9603.2816
 1-4 NB =      3313.4642  1-4 EEL =    -38710.2787  VDWAALS    =     -5728.0362
 EELEC  =    157036.6012  EGB     =   -213867.9873  RESTRAINT  =         0.0000
 ESURF=       434.1391
 ------------------------------------------------------------------------------


      R M S  F L U C T U A T I O N S


 NSTEP =   125000   TIME(PS) =    1250.000  TEMP(K) =     1.82  PRESS =     0.0
 Etot   =        95.5702  EKtot   =        60.2034  EPtot      =        78.9273
 BOND   =        51.9605  ANGLE   =        55.8402  DIHED      =        41.4650
 1-4 NB =        22.2452  1-4 EEL =        82.1051  VDWAALS    =        55.3719
 EELEC  =      1823.8952  EGB     =      1769.2731  RESTRAINT  =         0.0000
 ESURF=         4.3493
 ------------------------------------------------------------------------------

--------------------------------------------------------------------------------
   5.  TIMINGS
--------------------------------------------------------------------------------

|  NonSetup CPU Time in Major Routines:
|
|     Routine           Sec        %
|     ------------------------------
|     Nonbond           2.60    0.43
|     Bond              0.00    0.00
|     Angle             0.00    0.00
|     Dihedral          0.00    0.00
|     Shake             0.64    0.11
|     RunMD           604.90   99.47
|     Other             0.00    0.00
|     ------------------------------
|     Total           608.14

|  Generalized Born CPU Time:
|
|     Routine                 Sec        %
|     ------------------------------------
|     Radii Calc              0.00    0.00
|     Diagonal Calc           0.00    0.00
|     Off Diagonal Calc       0.00    0.00
|     GBSA LCPO Calc          0.00    0.00
|     ---------------------------------
|     Total                   0.00    0.00

|  Final Performance Info:
|     -----------------------------------------------------
|     Average timings for last       1 steps:
|     Elapsed(s) =       0.00 Per Step(ms) =       0.21
|         ns/day =     819.20   seconds/ns =     105.47
|
|     Average timings for all steps:
|     Elapsed(s) =     611.10 Per Step(ms) =       4.89
|         ns/day =      35.35   seconds/ns =    2444.41
|     -----------------------------------------------------

|  Setup CPU time:            0.35 seconds
|  NonSetup CPU time:       608.14 seconds
|  Total CPU time:          608.50 seconds     0.17 hours

|  Setup wall time:           0    seconds
|  NonSetup wall time:      611    seconds
|  Total wall time:         611    seconds     0.17 hours
