
          -------------------------------------------------------
          Amber 22 PMEMD                              2022
          -------------------------------------------------------

| PMEMD implementation of SANDER, Release 22

|  Compiled date/time: Thu Apr 14 12:06:37 2022
| Run on 09/11/2023 at 17:13:17

|   Executable path: pmemd.cuda
| Working directory: /pl/active/LugerLab-EM/people/shawn/md_sims/bdello/bd0055_rna_implicit/rep0/scripts
|          Hostname: bgpu-biokem2

  [-O]verwriting output

File Assignments:
|   MDIN: eq2.in                                                                
|  MDOUT: ../outputs/eq2.out                                                    
| INPCRD: ../restarts/bd0055_rna_eq1.rst                                        
|   PARM: ../bd0055_rna.prmtop                                                  
| RESTRT: ../restarts/bd0055_rna_eq2.rst                                        
|   REFC: ../restarts/bd0055_rna_eq1.rst                                        
|  MDVEL: mdvel                                                                 
|   MDEN: mden                                                                  
|  MDCRD: ../trajectories/bd0055_rna_eq2.nc                                     
| MDINFO: ../mdinfo/bd0055_rna_eq2.info                                         
|  MDFRC: mdfrc                                                                 


 Here is the input file:

 &cntrl                                                                        
   ntx = 5,                                                                    
   ntwx = 5000, ntwe = 0, ntwr = 500,                                          
   ntpr = 5000,                                                                
                                                                               
   ioutfm=0, ntxo=1,                                                           
                                                                               
   imin = 0, nstlim = 125000, dt = 0.002,                                      
                                                                               
   ntt = 3, gamma_ln=1., temp0 = 300.0,                                        
   nscm = 1000, ig = -1, irest = 1,                                            
                                                                               
   ntc= 2, ntf = 2, cut = 1000,                                                
                                                                               
   igb=8, gbsa=3, surften=0.007, ntb = 0,                                      
   saltcon=0.,                                                                 
                                                                               
   ntr=1, restraintmask="@CA,N,C,O",                                           
   restraint_wt=0.1,                                                           
 /                                                                             


Note: ig = -1. Setting random seed to   605442 based on wallclock time in 
      microseconds.
| irandom = 1, using AMBER's internal random number generator (default).
 
|--------------------- INFORMATION ----------------------
| GPU (CUDA) Version of PMEMD in use: NVIDIA GPU IN USE.
|                    Version 18.0.0
| 
|                      03/25/2018
| 
| Implementation by:
|                    Ross C. Walker     (SDSC)
|                    Scott Le Grand     (nVIDIA)
| 
| Version 18 performance extensions by:
|                    David Cerutti     (Rutgers)
| 
| Precision model in use:
|      [SPFP] - Single Precision Forces, 64-bit Fixed Point
|               Accumulation. (Default)
| 
|--------------------------------------------------------
 
|----------------- CITATION INFORMATION -----------------
|
|    When publishing work that utilized the CUDA version
|    of AMBER, please cite the following in addition to
|    the regular AMBER citations:
|
|  - Andreas W. Goetz; Mark J. Williamson; Dong Xu;
|    Duncan Poole; Scott Le Grand; Ross C. Walker
|    "Routine microsecond molecular dynamics simulations
|    with AMBER - Part I: Generalized Born", J. Chem.
|    Theory Comput., 2012, 8 (5), pp1542-1555.
|
|  - Scott Le Grand; Andreas W. Goetz; Ross C. Walker
|    "SPFP: Speed without compromise - a mixed precision
|    model for GPU accelerated molecular dynamics
|    simulations.", Comp. Phys. Comm., 2013, 184
|    pp374-380, DOI: 10.1016/j.cpc.2012.09.022
|
|--------------------------------------------------------
 
|------------------- GPU DEVICE INFO --------------------
|
|            CUDA_VISIBLE_DEVICES: 0
|   CUDA Capable Devices Detected:      1
|           CUDA Device ID in use:      0
|                CUDA Device Name: NVIDIA A100-PCIE-40GB
|     CUDA Device Global Mem Size:  40536 MB
| CUDA Device Num Multiprocessors:    108
|           CUDA Device Core Freq:   1.41 GHz
|
|--------------------------------------------------------
 
| Conditional Compilation Defines Used:
| PUBFFT
| BINTRAJ
| CUDA
| EMIL

| New format PARM file being parsed.
| Version =    1.000 Date = 09/11/23 Time = 12:31:41

| Note: 1-4 EEL scale factors are being read from the topology file.

| Note: 1-4 VDW scale factors are being read from the topology file.
| INFO:    Reading atomic numbers from topology file.
| Duplicated    0 dihedrals

| Duplicated    0 dihedrals

--------------------------------------------------------------------------------
   1.  RESOURCE   USE: 
--------------------------------------------------------------------------------

 NATOM  =   12489 NTYPES =      14 NBONH =    4203 MBONA  =    9245
 NTHETH =    9705 MTHETA =   14386 NPHIH =   21827 MPHIA  =   28205
 NHPARM =       0 NPARM  =       0 NNB   =   70039 NRES   =     393
 NBONA  =    9245 NTHETA =   14386 NPHIA =   28205 NUMBND =      46
 NUMANG =      94 NPTRA  =      62 NATYP =      27 NPHB   =       0
 IFBOX  =       0 NMXRS  =      34 IFCAP =       0 NEXTRA =       0
 NCOPY  =       0

 Implicit solvent radii are ArgH and AspGluO modified Bondi2 radii (mbondi3)                                
 Replacing prmtop screening parameters with GBn2 (igb=8) values
--------------------------------------------------------------------------------
   2.  CONTROL  DATA  FOR  THE  RUN
--------------------------------------------------------------------------------

default_name                                                                    

General flags:
     imin    =       0, nmropt  =       0

Nature and format of input:
     ntx     =       5, irest   =       1, ntrx    =       1

Nature and format of output:
     ntxo    =       1, ntpr    =    5000, ntrx    =       1, ntwr    =     500
     iwrap   =       0, ntwx    =    5000, ntwv    =       0, ntwe    =       0
     ioutfm  =       0, ntwprt  =       0, idecomp =       0, rbornstat=      0

Potential function:
     ntf     =       2, ntb     =       0, igb     =       8, nsnb    =      25
     ipol    =       0, gbsa    =       3, iesp    =       0
     dielc   =   1.00000, cut     =1000.00000, intdiel =   1.00000
     saltcon =   0.00000, offset  =   0.19514, surften =   0.00700
     rdt     =   0.00000, rgbmax  =  25.00000  extdiel =  78.50000
     alpb  =        0
     gbalphaH  =   0.78844, gbbetaH   =   0.79870,  gbgammaH  =    0.43733
     gbalphaC  =   0.73376, gbbetaC   =   0.50638,  gbgammaC  =    0.20584
     gbalphaN  =   0.50336, gbbetaN   =   0.31683,  gbgammaN  =    0.19292
     gbalphaOS =   0.86781, gbbetaOS  =   0.87664,  gbgammaOS =    0.38788
     gbalphaP  =   1.00000, gbbetaP   =   0.80000,  gbgammaP  =    4.85000
     gb_alpha_hnu  =   0.53705, gb_beta_hnu   =   0.36286,  gb_gamma_hnu  =    0.11670
     gb_alpha_cnu  =   0.33167, gb_beta_cnu   =   0.19684,  gb_gamma_cnu  =    0.09342
     gb_alpha_nnu  =   0.68631, gb_beta_nnu   =   0.46319,  gb_gamma_nnu  =    0.13872
     gb_alpha_onu  =   0.60634, gb_beta_onu   =   0.46301,  gb_gamma_onu  =    0.14226
     gb_alpha_pnu  =   0.41836, gb_beta_pnu   =   0.29005,  gb_gamma_pnu  =    0.10642

Frozen or restrained atoms:
     ibelly  =       0, ntr     =       1
     restraint_wt =   0.10000

Molecular dynamics:
     nstlim  =    125000, nscm    =         0, nrespa  =         1
     t       =   0.00000, dt      =   0.00200, vlimit  =  -1.00000

Langevin dynamics temperature regulation:
     ig      =  605442
     temp0   = 300.00000, tempi   =   0.00000, gamma_ln=   1.00000

SHAKE:
     ntc     =       2, jfastw  =       0
     tol     =   0.00001

| Intermolecular bonds treatment:
|     no_intermolecular_bonds =       1

| Energy averages sample interval:
|     ene_avg_sampling =    5000

    LOADING THE CONSTRAINED ATOMS AS GROUPS


   5.  REFERENCE ATOM COORDINATES

  default_name                                                                    
     Mask @CA,N,C,O; matches     0 atoms

--------------------------------------------------------------------------------
   3.  ATOMIC COORDINATES AND VELOCITIES
--------------------------------------------------------------------------------

default_name                                                                    
 begin time read from input coords =  1250.000 ps

 
 Number of triangulated 3-point waters found:        0
| Dynamic Memory, Types Used:
| Reals              417615
| Integers          1422398

| GPU memory information (estimate):
| KB of GPU memory in use:     48275
| KB of CPU memory in use:     10739

--------------------------------------------------------------------------------
   4.  RESULTS
--------------------------------------------------------------------------------


 NSTEP =     5000   TIME(PS) =    1260.000  TEMP(K) =   294.97  PRESS =     0.0
 Etot   =    -68211.2278  EKtot   =      9748.9170  EPtot      =    -77960.1448
 BOND   =      3427.4866  ANGLE   =      6550.6532  DIHED      =      9590.2520
 1-4 NB =      3293.5808  1-4 EEL =    -38783.7782  VDWAALS    =     -5621.4793
 EELEC  =    153981.6161  EGB     =   -210840.2214  RESTRAINT  =         0.0000
 ESURF=       441.7453
 ------------------------------------------------------------------------------


 NSTEP =    10000   TIME(PS) =    1270.000  TEMP(K) =   301.10  PRESS =     0.0
 Etot   =    -68054.3070  EKtot   =      9951.6641  EPtot      =    -78005.9710
 BOND   =      3471.7994  ANGLE   =      6509.0321  DIHED      =      9562.3356
 1-4 NB =      3288.9656  1-4 EEL =    -38795.8422  VDWAALS    =     -5680.9364
 EELEC  =    153646.4361  EGB     =   -210446.5982  RESTRAINT  =         0.0000
 ESURF=       438.8369
 ------------------------------------------------------------------------------


 NSTEP =    15000   TIME(PS) =    1280.000  TEMP(K) =   305.31  PRESS =     0.0
 Etot   =    -67849.3673  EKtot   =     10090.6621  EPtot      =    -77940.0294
 BOND   =      3529.9638  ANGLE   =      6513.2359  DIHED      =      9638.1188
 1-4 NB =      3296.4785  1-4 EEL =    -38700.4218  VDWAALS    =     -5637.7736
 EELEC  =    153197.2760  EGB     =   -210221.9100  RESTRAINT  =         0.0000
 ESURF=       445.0030
 ------------------------------------------------------------------------------


 NSTEP =    20000   TIME(PS) =    1290.000  TEMP(K) =   295.72  PRESS =     0.0
 Etot   =    -68158.4769  EKtot   =      9773.8418  EPtot      =    -77932.3187
 BOND   =      3352.9269  ANGLE   =      6590.8703  DIHED      =      9643.4252
 1-4 NB =      3336.8893  1-4 EEL =    -38761.9157  VDWAALS    =     -5627.2995
 EELEC  =    153040.5222  EGB     =   -209950.8359  RESTRAINT  =         0.0000
 ESURF=       443.0985
 ------------------------------------------------------------------------------


 NSTEP =    25000   TIME(PS) =    1300.000  TEMP(K) =   299.08  PRESS =     0.0
 Etot   =    -67964.4678  EKtot   =      9885.0264  EPtot      =    -77849.4941
 BOND   =      3486.4376  ANGLE   =      6614.8320  DIHED      =      9548.8255
 1-4 NB =      3333.8060  1-4 EEL =    -38650.6934  VDWAALS    =     -5644.7360
 EELEC  =    152353.0740  EGB     =   -209332.3977  RESTRAINT  =         0.0000
 ESURF=       441.3579
 ------------------------------------------------------------------------------


 NSTEP =    30000   TIME(PS) =    1310.000  TEMP(K) =   298.57  PRESS =     0.0
 Etot   =    -68170.0542  EKtot   =      9867.9492  EPtot      =    -78038.0034
 BOND   =      3436.9999  ANGLE   =      6432.1825  DIHED      =      9561.9825
 1-4 NB =      3321.9541  1-4 EEL =    -38697.6774  VDWAALS    =     -5614.5201
 EELEC  =    151995.3598  EGB     =   -208914.2779  RESTRAINT  =         0.0000
 ESURF=       439.9932
 ------------------------------------------------------------------------------


 NSTEP =    35000   TIME(PS) =    1320.000  TEMP(K) =   294.27  PRESS =     0.0
 Etot   =    -68343.5089  EKtot   =      9725.9111  EPtot      =    -78069.4200
 BOND   =      3383.4386  ANGLE   =      6492.5484  DIHED      =      9544.9442
 1-4 NB =      3294.8665  1-4 EEL =    -38625.1651  VDWAALS    =     -5624.1886
 EELEC  =    151850.8793  EGB     =   -208830.0831  RESTRAINT  =         0.0000
 ESURF=       443.3397
 ------------------------------------------------------------------------------


 NSTEP =    40000   TIME(PS) =    1330.000  TEMP(K) =   300.05  PRESS =     0.0
 Etot   =    -68063.4640  EKtot   =      9916.7832  EPtot      =    -77980.2472
 BOND   =      3439.6050  ANGLE   =      6562.9696  DIHED      =      9559.1136
 1-4 NB =      3309.3716  1-4 EEL =    -38806.9106  VDWAALS    =     -5560.6762
 EELEC  =    151855.6082  EGB     =   -208784.9541  RESTRAINT  =         0.0000
 ESURF=       445.6257
 ------------------------------------------------------------------------------


 NSTEP =    45000   TIME(PS) =    1340.000  TEMP(K) =   299.72  PRESS =     0.0
 Etot   =    -67989.5754  EKtot   =      9906.0361  EPtot      =    -77895.6115
 BOND   =      3407.6736  ANGLE   =      6587.0457  DIHED      =      9599.4164
 1-4 NB =      3301.3327  1-4 EEL =    -38737.6293  VDWAALS    =     -5546.0379
 EELEC  =    151962.2814  EGB     =   -208917.4102  RESTRAINT  =         0.0000
 ESURF=       447.7161
 ------------------------------------------------------------------------------


 NSTEP =    50000   TIME(PS) =    1350.000  TEMP(K) =   301.20  PRESS =     0.0
 Etot   =    -67911.3558  EKtot   =      9955.0361  EPtot      =    -77866.3919
 BOND   =      3434.6959  ANGLE   =      6585.7151  DIHED      =      9585.7958
 1-4 NB =      3280.9323  1-4 EEL =    -38732.8095  VDWAALS    =     -5547.2160
 EELEC  =    151616.4157  EGB     =   -208533.4041  RESTRAINT  =         0.0000
 ESURF=       443.4830
 ------------------------------------------------------------------------------


 NSTEP =    55000   TIME(PS) =    1360.000  TEMP(K) =   296.35  PRESS =     0.0
 Etot   =    -68136.1307  EKtot   =      9794.6523  EPtot      =    -77930.7831
 BOND   =      3413.1955  ANGLE   =      6492.0713  DIHED      =      9617.8008
 1-4 NB =      3330.5192  1-4 EEL =    -38679.5487  VDWAALS    =     -5586.3022
 EELEC  =    151166.0215  EGB     =   -208127.8072  RESTRAINT  =         0.0000
 ESURF=       443.2667
 ------------------------------------------------------------------------------


 NSTEP =    60000   TIME(PS) =    1370.000  TEMP(K) =   298.10  PRESS =     0.0
 Etot   =    -68023.8790  EKtot   =      9852.4570  EPtot      =    -77876.3361
 BOND   =      3534.7824  ANGLE   =      6521.1669  DIHED      =      9566.0084
 1-4 NB =      3256.9714  1-4 EEL =    -38651.9499  VDWAALS    =     -5563.8264
 EELEC  =    151067.0063  EGB     =   -208055.7066  RESTRAINT  =         0.0000
 ESURF=       449.2114
 ------------------------------------------------------------------------------


 NSTEP =    65000   TIME(PS) =    1380.000  TEMP(K) =   300.82  PRESS =     0.0
 Etot   =    -68017.6998  EKtot   =      9942.3994  EPtot      =    -77960.0992
 BOND   =      3419.0191  ANGLE   =      6520.9512  DIHED      =      9626.4312
 1-4 NB =      3329.5285  1-4 EEL =    -38672.5290  VDWAALS    =     -5592.9023
 EELEC  =    150883.4194  EGB     =   -207916.6381  RESTRAINT  =         0.0000
 ESURF=       442.6208
 ------------------------------------------------------------------------------


 NSTEP =    70000   TIME(PS) =    1390.000  TEMP(K) =   300.19  PRESS =     0.0
 Etot   =    -68100.6412  EKtot   =      9921.4199  EPtot      =    -78022.0611
 BOND   =      3327.1550  ANGLE   =      6597.2523  DIHED      =      9531.2206
 1-4 NB =      3314.3052  1-4 EEL =    -38665.2067  VDWAALS    =     -5599.0669
 EELEC  =    151025.2471  EGB     =   -207992.5448  RESTRAINT  =         0.0000
 ESURF=       439.5772
 ------------------------------------------------------------------------------


 NSTEP =    75000   TIME(PS) =    1400.000  TEMP(K) =   298.59  PRESS =     0.0
 Etot   =    -68114.9120  EKtot   =      9868.6387  EPtot      =    -77983.5507
 BOND   =      3425.7919  ANGLE   =      6497.6638  DIHED      =      9587.0748
 1-4 NB =      3326.2329  1-4 EEL =    -38609.6630  VDWAALS    =     -5615.5451
 EELEC  =    151003.1530  EGB     =   -208038.2384  RESTRAINT  =         0.0000
 ESURF=       439.9794
 ------------------------------------------------------------------------------


 NSTEP =    80000   TIME(PS) =    1410.000  TEMP(K) =   299.88  PRESS =     0.0
 Etot   =    -68133.4560  EKtot   =      9911.2227  EPtot      =    -78044.6787
 BOND   =      3368.3545  ANGLE   =      6513.6066  DIHED      =      9553.4828
 1-4 NB =      3301.0619  1-4 EEL =    -38561.0252  VDWAALS    =     -5656.7408
 EELEC  =    151378.9465  EGB     =   -208381.6689  RESTRAINT  =         0.0000
 ESURF=       439.3040
 ------------------------------------------------------------------------------


 NSTEP =    85000   TIME(PS) =    1420.000  TEMP(K) =   302.34  PRESS =     0.0
 Etot   =    -67870.0495  EKtot   =      9992.4961  EPtot      =    -77862.5456
 BOND   =      3511.7852  ANGLE   =      6533.8684  DIHED      =      9528.9976
 1-4 NB =      3280.0554  1-4 EEL =    -38597.5059  VDWAALS    =     -5562.4469
 EELEC  =    151171.5004  EGB     =   -208177.6060  RESTRAINT  =         0.0000
 ESURF=       448.8062
 ------------------------------------------------------------------------------


 NSTEP =    90000   TIME(PS) =    1430.000  TEMP(K) =   298.48  PRESS =     0.0
 Etot   =    -68024.8650  EKtot   =      9865.0098  EPtot      =    -77889.8747
 BOND   =      3460.5935  ANGLE   =      6486.4407  DIHED      =      9602.3012
 1-4 NB =      3346.3582  1-4 EEL =    -38692.7927  VDWAALS    =     -5531.5707
 EELEC  =    150442.7254  EGB     =   -207457.2367  RESTRAINT  =         0.0000
 ESURF=       453.3064
 ------------------------------------------------------------------------------


 NSTEP =    95000   TIME(PS) =    1440.000  TEMP(K) =   301.96  PRESS =     0.0
 Etot   =    -67966.7720  EKtot   =      9980.0000  EPtot      =    -77946.7720
 BOND   =      3454.2726  ANGLE   =      6546.4171  DIHED      =      9493.3985
 1-4 NB =      3335.4277  1-4 EEL =    -38771.3867  VDWAALS    =     -5548.7093
 EELEC  =    150931.5939  EGB     =   -207837.8555  RESTRAINT  =         0.0000
 ESURF=       450.0697
 ------------------------------------------------------------------------------


 NSTEP =   100000   TIME(PS) =    1450.000  TEMP(K) =   301.06  PRESS =     0.0
 Etot   =    -67901.8752  EKtot   =      9950.3135  EPtot      =    -77852.1887
 BOND   =      3505.2509  ANGLE   =      6566.8395  DIHED      =      9530.7868
 1-4 NB =      3297.0885  1-4 EEL =    -38793.6592  VDWAALS    =     -5495.0731
 EELEC  =    150582.0382  EGB     =   -207499.0898  RESTRAINT  =         0.0000
 ESURF=       453.6296
 ------------------------------------------------------------------------------


 NSTEP =   105000   TIME(PS) =    1460.000  TEMP(K) =   299.32  PRESS =     0.0
 Etot   =    -67968.1878  EKtot   =      9892.7090  EPtot      =    -77860.8968
 BOND   =      3480.0119  ANGLE   =      6701.0059  DIHED      =      9501.0200
 1-4 NB =      3288.8166  1-4 EEL =    -38787.9603  VDWAALS    =     -5544.5902
 EELEC  =    150230.8177  EGB     =   -207178.0478  RESTRAINT  =         0.0000
 ESURF=       448.0294
 ------------------------------------------------------------------------------


 NSTEP =   110000   TIME(PS) =    1470.000  TEMP(K) =   298.57  PRESS =     0.0
 Etot   =    -68061.0661  EKtot   =      9867.8730  EPtot      =    -77928.9391
 BOND   =      3434.0985  ANGLE   =      6547.2127  DIHED      =      9573.0757
 1-4 NB =      3278.2422  1-4 EEL =    -38745.9804  VDWAALS    =     -5523.2101
 EELEC  =    149636.7236  EGB     =   -206577.7750  RESTRAINT  =         0.0000
 ESURF=       448.6736
 ------------------------------------------------------------------------------


 NSTEP =   115000   TIME(PS) =    1480.000  TEMP(K) =   298.85  PRESS =     0.0
 Etot   =    -68014.4313  EKtot   =      9877.1914  EPtot      =    -77891.6227
 BOND   =      3484.0683  ANGLE   =      6522.8716  DIHED      =      9538.4613
 1-4 NB =      3334.4898  1-4 EEL =    -38806.7586  VDWAALS    =     -5464.7780
 EELEC  =    149536.0431  EGB     =   -206488.8492  RESTRAINT  =         0.0000
 ESURF=       452.8292
 ------------------------------------------------------------------------------


 NSTEP =   120000   TIME(PS) =    1490.000  TEMP(K) =   296.47  PRESS =     0.0
 Etot   =    -68141.0272  EKtot   =      9798.7393  EPtot      =    -77939.7664
 BOND   =      3477.2484  ANGLE   =      6604.2329  DIHED      =      9533.3105
 1-4 NB =      3322.5784  1-4 EEL =    -38795.0611  VDWAALS    =     -5517.2624
 EELEC  =    149851.0048  EGB     =   -206864.9786  RESTRAINT  =         0.0000
 ESURF=       449.1606
 ------------------------------------------------------------------------------


 NSTEP =   125000   TIME(PS) =    1500.000  TEMP(K) =   296.73  PRESS =     0.0
 Etot   =    -67988.1305  EKtot   =      9807.0908  EPtot      =    -77795.2213
 BOND   =      3445.9072  ANGLE   =      6610.3310  DIHED      =      9573.1978
 1-4 NB =      3326.0257  1-4 EEL =    -38749.7906  VDWAALS    =     -5530.0839
 EELEC  =    149717.5065  EGB     =   -206636.2484  RESTRAINT  =         0.0000
 ESURF=       447.9334
 ------------------------------------------------------------------------------


      A V E R A G E S   O V E R      25 S T E P S


 NSTEP =   125000   TIME(PS) =    1500.000  TEMP(K) =   299.11  PRESS =     0.0
 Etot   =    -68047.1571  EKtot   =      9885.7616  EPtot      =    -77932.9187
 BOND   =      3444.5025  ANGLE   =      6548.0407  DIHED      =      9567.6311
 1-4 NB =      3309.0352  1-4 EEL =    -38714.9464  VDWAALS    =     -5577.4789
 EELEC  =    151364.9286  EGB     =   -208320.0953  RESTRAINT  =         0.0000
 ESURF=       445.4639
 ------------------------------------------------------------------------------


      R M S  F L U C T U A T I O N S


 NSTEP =   125000   TIME(PS) =    1500.000  TEMP(K) =     2.45  PRESS =     0.0
 Etot   =       112.0225  EKtot   =        80.8771  EPtot      =        68.4681
 BOND   =        51.3903  ANGLE   =        54.7200  DIHED      =        38.7485
 1-4 NB =        22.7456  1-4 EEL =        70.9278  VDWAALS    =        53.0182
 EELEC  =      1190.0789  EGB     =      1169.3292  RESTRAINT  =         0.0000
 ESURF=         4.4943
 ------------------------------------------------------------------------------

--------------------------------------------------------------------------------
   5.  TIMINGS
--------------------------------------------------------------------------------

|  NonSetup CPU Time in Major Routines:
|
|     Routine           Sec        %
|     ------------------------------
|     Nonbond           2.57    0.42
|     Bond              0.00    0.00
|     Angle             0.00    0.00
|     Dihedral          0.00    0.00
|     Shake             0.63    0.10
|     RunMD           602.95   99.47
|     Other             0.00    0.00
|     ------------------------------
|     Total           606.15

|  Generalized Born CPU Time:
|
|     Routine                 Sec        %
|     ------------------------------------
|     Radii Calc              0.00    0.00
|     Diagonal Calc           0.00    0.00
|     Off Diagonal Calc       0.00    0.00
|     GBSA LCPO Calc          0.00    0.00
|     ---------------------------------
|     Total                   0.00    0.00

|  Final Performance Info:
|     -----------------------------------------------------
|     Average timings for last       1 steps:
|     Elapsed(s) =       0.00 Per Step(ms) =       0.21
|         ns/day =     819.20   seconds/ns =     105.47
|
|     Average timings for all steps:
|     Elapsed(s) =     608.07 Per Step(ms) =       4.86
|         ns/day =      35.52   seconds/ns =    2432.27
|     -----------------------------------------------------

|  Setup CPU time:            0.35 seconds
|  NonSetup CPU time:       606.15 seconds
|  Total CPU time:          606.51 seconds     0.17 hours

|  Setup wall time:           0    seconds
|  NonSetup wall time:      608    seconds
|  Total wall time:         608    seconds     0.17 hours
