
          -------------------------------------------------------
          Amber 22 PMEMD                              2022
          -------------------------------------------------------

| PMEMD implementation of SANDER, Release 22

|  Compiled date/time: Thu Apr 14 12:06:37 2022
| Run on 09/11/2023 at 15:22:49

|   Executable path: pmemd.cuda
| Working directory: /pl/active/LugerLab-EM/people/shawn/md_sims/bdello/bd0055_rna_implicit/rep0/scripts
|          Hostname: bgpu-ivc2

  [-O]verwriting output

File Assignments:
|   MDIN: heat.in                                                               
|  MDOUT: ../outputs/heat.out                                                   
| INPCRD: ../restarts/bd0055_rna_min.rst                                        
|   PARM: ../bd0055_rna.prmtop                                                  
| RESTRT: ../restarts/bd0055_rna_heat.rst7                                      
|   REFC: ../restarts/bd0055_rna_min.rst                                        
|  MDVEL: mdvel                                                                 
|   MDEN: mden                                                                  
|  MDCRD: ../trajectories/bd0055_rna_heat.nc                                    
| MDINFO: ../mdinfo/bd0055_rna_heat.info                                        
|  MDFRC: mdfrc                                                                 


 Here is the input file:

heating with backbone restraints                                               
 &cntrl                                                                        
   ntx = 1,                                                                    
   ntwx = 5000,                                                                
   ntwe = 0,                                                                   
   ntwr = 500,                                                                 
   ntpr = 5000,                                                                
   ioutfm=0,                                                                   
   ntxo=1,                                                                     
   imin = 0,                                                                   
   nstlim = 500000,                                                            
   dt = 0.002,                                                                 
   ntt = 3,                                                                    
   gamma_ln=1.,                                                                
   temp0 = 100.0,                                                              
   nscm = 1000,                                                                
   ig = -1,                                                                    
   ntc= 2,                                                                     
   ntf = 2,                                                                    
   cut = 1000,                                                                 
   igb=8,                                                                      
   gbsa=3,                                                                     
   surften=0.007,                                                              
   ntb = 0,                                                                    
   saltcon=0.,                                                                 
   ntr=1,                                                                      
   restraintmask="@CA,N,C,O",                                                  
   restraint_wt=10.0,                                                          
   nmropt=1,                                                                   
 &end                                                                          
 &wt                                                                           
   TYPE="TEMP0", istep1=0, istep2=500000,                                      
   value1=100., value2=300.,                                                   
 &end                                                                          
 &wt                                                                           
   TYPE="END",                                                                 
 &end                                                                          
                                                                               


Note: ig = -1. Setting random seed to   470366 based on wallclock time in 
      microseconds.
| irandom = 1, using AMBER's internal random number generator (default).
 
|--------------------- INFORMATION ----------------------
| GPU (CUDA) Version of PMEMD in use: NVIDIA GPU IN USE.
|                    Version 18.0.0
| 
|                      03/25/2018
| 
| Implementation by:
|                    Ross C. Walker     (SDSC)
|                    Scott Le Grand     (nVIDIA)
| 
| Version 18 performance extensions by:
|                    David Cerutti     (Rutgers)
| 
| Precision model in use:
|      [SPFP] - Single Precision Forces, 64-bit Fixed Point
|               Accumulation. (Default)
| 
|--------------------------------------------------------
 
|----------------- CITATION INFORMATION -----------------
|
|    When publishing work that utilized the CUDA version
|    of AMBER, please cite the following in addition to
|    the regular AMBER citations:
|
|  - Andreas W. Goetz; Mark J. Williamson; Dong Xu;
|    Duncan Poole; Scott Le Grand; Ross C. Walker
|    "Routine microsecond molecular dynamics simulations
|    with AMBER - Part I: Generalized Born", J. Chem.
|    Theory Comput., 2012, 8 (5), pp1542-1555.
|
|  - Scott Le Grand; Andreas W. Goetz; Ross C. Walker
|    "SPFP: Speed without compromise - a mixed precision
|    model for GPU accelerated molecular dynamics
|    simulations.", Comp. Phys. Comm., 2013, 184
|    pp374-380, DOI: 10.1016/j.cpc.2012.09.022
|
|--------------------------------------------------------
 
|------------------- GPU DEVICE INFO --------------------
|
|            CUDA_VISIBLE_DEVICES: 0
|   CUDA Capable Devices Detected:      1
|           CUDA Device ID in use:      0
|                CUDA Device Name: NVIDIA A100-PCIE-40GB
|     CUDA Device Global Mem Size:  40377 MB
| CUDA Device Num Multiprocessors:    108
|           CUDA Device Core Freq:   1.41 GHz
|
|--------------------------------------------------------
 
| Conditional Compilation Defines Used:
| PUBFFT
| BINTRAJ
| CUDA
| EMIL

| New format PARM file being parsed.
| Version =    1.000 Date = 09/11/23 Time = 12:31:41

| Note: 1-4 EEL scale factors are being read from the topology file.

| Note: 1-4 VDW scale factors are being read from the topology file.
| INFO:    Reading atomic numbers from topology file.
| Duplicated    0 dihedrals

| Duplicated    0 dihedrals

--------------------------------------------------------------------------------
   1.  RESOURCE   USE: 
--------------------------------------------------------------------------------

 NATOM  =   12489 NTYPES =      14 NBONH =    4203 MBONA  =    9245
 NTHETH =    9705 MTHETA =   14386 NPHIH =   21827 MPHIA  =   28205
 NHPARM =       0 NPARM  =       0 NNB   =   70039 NRES   =     393
 NBONA  =    9245 NTHETA =   14386 NPHIA =   28205 NUMBND =      46
 NUMANG =      94 NPTRA  =      62 NATYP =      27 NPHB   =       0
 IFBOX  =       0 NMXRS  =      34 IFCAP =       0 NEXTRA =       0
 NCOPY  =       0

 Implicit solvent radii are ArgH and AspGluO modified Bondi2 radii (mbondi3)                                
 Replacing prmtop screening parameters with GBn2 (igb=8) values
--------------------------------------------------------------------------------
   2.  CONTROL  DATA  FOR  THE  RUN
--------------------------------------------------------------------------------

default_name                                                                    

General flags:
     imin    =       0, nmropt  =       1

Nature and format of input:
     ntx     =       1, irest   =       0, ntrx    =       1

Nature and format of output:
     ntxo    =       1, ntpr    =    5000, ntrx    =       1, ntwr    =     500
     iwrap   =       0, ntwx    =    5000, ntwv    =       0, ntwe    =       0
     ioutfm  =       0, ntwprt  =       0, idecomp =       0, rbornstat=      0

Potential function:
     ntf     =       2, ntb     =       0, igb     =       8, nsnb    =      25
     ipol    =       0, gbsa    =       3, iesp    =       0
     dielc   =   1.00000, cut     =1000.00000, intdiel =   1.00000
     saltcon =   0.00000, offset  =   0.19514, surften =   0.00700
     rdt     =   0.00000, rgbmax  =  25.00000  extdiel =  78.50000
     alpb  =        0
     gbalphaH  =   0.78844, gbbetaH   =   0.79870,  gbgammaH  =    0.43733
     gbalphaC  =   0.73376, gbbetaC   =   0.50638,  gbgammaC  =    0.20584
     gbalphaN  =   0.50336, gbbetaN   =   0.31683,  gbgammaN  =    0.19292
     gbalphaOS =   0.86781, gbbetaOS  =   0.87664,  gbgammaOS =    0.38788
     gbalphaP  =   1.00000, gbbetaP   =   0.80000,  gbgammaP  =    4.85000
     gb_alpha_hnu  =   0.53705, gb_beta_hnu   =   0.36286,  gb_gamma_hnu  =    0.11670
     gb_alpha_cnu  =   0.33167, gb_beta_cnu   =   0.19684,  gb_gamma_cnu  =    0.09342
     gb_alpha_nnu  =   0.68631, gb_beta_nnu   =   0.46319,  gb_gamma_nnu  =    0.13872
     gb_alpha_onu  =   0.60634, gb_beta_onu   =   0.46301,  gb_gamma_onu  =    0.14226
     gb_alpha_pnu  =   0.41836, gb_beta_pnu   =   0.29005,  gb_gamma_pnu  =    0.10642

Frozen or restrained atoms:
     ibelly  =       0, ntr     =       1
     restraint_wt =  10.00000

Molecular dynamics:
     nstlim  =    500000, nscm    =         0, nrespa  =         1
     t       =   0.00000, dt      =   0.00200, vlimit  =  -1.00000

Langevin dynamics temperature regulation:
     ig      =  470366
     temp0   = 100.00000, tempi   =   0.00000, gamma_ln=   1.00000

SHAKE:
     ntc     =       2, jfastw  =       0
     tol     =   0.00001

NMR refinement options:
     iscale  =       0, noeskp  =       1, ipnlty  =       1, mxsub   =       1
     scalm   = 100.00000, pencut  =   0.10000, tausw   =   0.10000

| Intermolecular bonds treatment:
|     no_intermolecular_bonds =       1

| Energy averages sample interval:
|     ene_avg_sampling =    5000

    LOADING THE CONSTRAINED ATOMS AS GROUPS


   5.  REFERENCE ATOM COORDINATES

  default_name                                                                    
     Mask @CA,N,C,O; matches     0 atoms

--------------------------------------------------------------------------------
   3.  ATOMIC COORDINATES AND VELOCITIES
--------------------------------------------------------------------------------

default_name                                                                    
 begin time read from input coords =     0.000 ps



           Begin reading energy term weight changes/NMR restraints
 WEIGHT CHANGES:
 TEMP0         0 500000  100.000000  300.000000      0      0

 RESTRAINTS:
                          ** No restraint defined **

                  Done reading weight changes/NMR restraints


 
 Number of triangulated 3-point waters found:        0
| Dynamic Memory, Types Used:
| Reals              417637
| Integers          1422456

| GPU memory information (estimate):
| KB of GPU memory in use:     48275
| KB of CPU memory in use:     10739

--------------------------------------------------------------------------------
   4.  RESULTS
--------------------------------------------------------------------------------


 NSTEP =        0   TIME(PS) =       0.000  TEMP(K) =     0.00  PRESS =     0.0
 Etot   =    -87811.4722  EKtot   =         0.0000  EPtot      =    -87811.4722
 BOND   =       653.4913  ANGLE   =      2146.0301  DIHED      =      7599.3035
 1-4 NB =      2975.4887  1-4 EEL =    -39338.0200  VDWAALS    =     -7046.2412
 EELEC  =    180683.8603  EGB     =   -235832.4143  RESTRAINT  =         0.0000
 ESURF=       347.0295
 ------------------------------------------------------------------------------

 NMR restraints: Bond =    0.000   Angle =     0.000   Torsion =     0.000
===============================================================================

 NSTEP =     5000   TIME(PS) =      10.000  TEMP(K) =   101.27  PRESS =     0.0
 Etot   =    -81627.3152  EKtot   =      3347.1074  EPtot      =    -84974.4226
 BOND   =      1506.6568  ANGLE   =      3461.7095  DIHED      =      8451.6044
 1-4 NB =      3110.4699  1-4 EEL =    -38582.9486  VDWAALS    =     -6640.7230
 EELEC  =    174503.4207  EGB     =   -231146.3082  RESTRAINT  =         0.0000
 ESURF=       361.6959
 ------------------------------------------------------------------------------

 NMR restraints: Bond =    0.000   Angle =     0.000   Torsion =     0.000
===============================================================================

 NSTEP =    10000   TIME(PS) =      20.000  TEMP(K) =   103.17  PRESS =     0.0
 Etot   =    -81507.1423  EKtot   =      3409.9800  EPtot      =    -84917.1223
 BOND   =      1571.1375  ANGLE   =      3486.4086  DIHED      =      8501.4675
 1-4 NB =      3112.6328  1-4 EEL =    -38724.2661  VDWAALS    =     -6616.3304
 EELEC  =    174222.5966  EGB     =   -230828.7086  RESTRAINT  =         0.0000
 ESURF=       357.9398
 ------------------------------------------------------------------------------

 NMR restraints: Bond =    0.000   Angle =     0.000   Torsion =     0.000
===============================================================================

 NSTEP =    15000   TIME(PS) =      30.000  TEMP(K) =   106.94  PRESS =     0.0
 Etot   =    -81348.3553  EKtot   =      3534.6016  EPtot      =    -84882.9569
 BOND   =      1527.6843  ANGLE   =      3490.6917  DIHED      =      8464.2339
 1-4 NB =      3130.9724  1-4 EEL =    -38596.3468  VDWAALS    =     -6619.6297
 EELEC  =    173874.4045  EGB     =   -230512.7628  RESTRAINT  =         0.0000
 ESURF=       357.7957
 ------------------------------------------------------------------------------

 NMR restraints: Bond =    0.000   Angle =     0.000   Torsion =     0.000
===============================================================================

 NSTEP =    20000   TIME(PS) =      40.000  TEMP(K) =   107.86  PRESS =     0.0
 Etot   =    -81306.7863  EKtot   =      3564.9316  EPtot      =    -84871.7179
 BOND   =      1595.6056  ANGLE   =      3468.5727  DIHED      =      8486.3824
 1-4 NB =      3119.3917  1-4 EEL =    -38594.6816  VDWAALS    =     -6615.8720
 EELEC  =    173691.0324  EGB     =   -230382.1903  RESTRAINT  =         0.0000
 ESURF=       360.0413
 ------------------------------------------------------------------------------

 NMR restraints: Bond =    0.000   Angle =     0.000   Torsion =     0.000
===============================================================================

 NSTEP =    25000   TIME(PS) =      50.000  TEMP(K) =   108.92  PRESS =     0.0
 Etot   =    -81174.2407  EKtot   =      3599.8015  EPtot      =    -84774.0422
 BOND   =      1628.2509  ANGLE   =      3520.5935  DIHED      =      8507.0360
 1-4 NB =      3114.6333  1-4 EEL =    -38675.0978  VDWAALS    =     -6610.4485
 EELEC  =    173673.0351  EGB     =   -230291.1446  RESTRAINT  =         0.0000
 ESURF=       359.1000
 ------------------------------------------------------------------------------

 NMR restraints: Bond =    0.000   Angle =     0.000   Torsion =     0.000
===============================================================================

 NSTEP =    30000   TIME(PS) =      60.000  TEMP(K) =   111.92  PRESS =     0.0
 Etot   =    -80967.1060  EKtot   =      3698.9385  EPtot      =    -84666.0445
 BOND   =      1646.3641  ANGLE   =      3569.5845  DIHED      =      8558.4271
 1-4 NB =      3151.7002  1-4 EEL =    -38670.0090  VDWAALS    =     -6597.2036
 EELEC  =    173414.8435  EGB     =   -230098.8208  RESTRAINT  =         0.0000
 ESURF=       359.0697
 ------------------------------------------------------------------------------

 NMR restraints: Bond =    0.000   Angle =     0.000   Torsion =     0.000
===============================================================================

 NSTEP =    35000   TIME(PS) =      70.000  TEMP(K) =   112.61  PRESS =     0.0
 Etot   =    -80884.2066  EKtot   =      3721.7478  EPtot      =    -84605.9544
 BOND   =      1649.6198  ANGLE   =      3575.6703  DIHED      =      8545.7333
 1-4 NB =      3134.2457  1-4 EEL =    -38673.7155  VDWAALS    =     -6600.1825
 EELEC  =    173604.8381  EGB     =   -230203.9039  RESTRAINT  =         0.0000
 ESURF=       361.7402
 ------------------------------------------------------------------------------

 NMR restraints: Bond =    0.000   Angle =     0.000   Torsion =     0.000
===============================================================================

 NSTEP =    40000   TIME(PS) =      80.000  TEMP(K) =   115.98  PRESS =     0.0
 Etot   =    -80669.0496  EKtot   =      3833.3901  EPtot      =    -84502.4397
 BOND   =      1703.8508  ANGLE   =      3682.5797  DIHED      =      8511.3143
 1-4 NB =      3130.8746  1-4 EEL =    -38690.0497  VDWAALS    =     -6597.1388
 EELEC  =    173417.1394  EGB     =   -230020.2282  RESTRAINT  =         0.0000
 ESURF=       359.2182
 ------------------------------------------------------------------------------

 NMR restraints: Bond =    0.000   Angle =     0.000   Torsion =     0.000
===============================================================================

 NSTEP =    45000   TIME(PS) =      90.000  TEMP(K) =   117.05  PRESS =     0.0
 Etot   =    -80559.1790  EKtot   =      3868.4524  EPtot      =    -84427.6314
 BOND   =      1714.0376  ANGLE   =      3691.0391  DIHED      =      8560.0334
 1-4 NB =      3136.9036  1-4 EEL =    -38607.2384  VDWAALS    =     -6600.4964
 EELEC  =    173267.9234  EGB     =   -229951.3748  RESTRAINT  =         0.0000
 ESURF=       361.5411
 ------------------------------------------------------------------------------

 NMR restraints: Bond =    0.000   Angle =     0.000   Torsion =     0.000
===============================================================================

 NSTEP =    50000   TIME(PS) =     100.000  TEMP(K) =   119.52  PRESS =     0.0
 Etot   =    -80413.4511  EKtot   =      3950.2803  EPtot      =    -84363.7314
 BOND   =      1747.4999  ANGLE   =      3684.2345  DIHED      =      8559.3024
 1-4 NB =      3114.7487  1-4 EEL =    -38672.8239  VDWAALS    =     -6562.8493
 EELEC  =    173130.4371  EGB     =   -229727.4256  RESTRAINT  =         0.0000
 ESURF=       363.1450
 ------------------------------------------------------------------------------

 NMR restraints: Bond =    0.000   Angle =     0.000   Torsion =     0.000
===============================================================================

 NSTEP =    55000   TIME(PS) =     110.000  TEMP(K) =   121.30  PRESS =     0.0
 Etot   =    -80299.2270  EKtot   =      4009.2141  EPtot      =    -84308.4412
 BOND   =      1740.1073  ANGLE   =      3746.0985  DIHED      =      8581.4304
 1-4 NB =      3145.3357  1-4 EEL =    -38636.5906  VDWAALS    =     -6581.1803
 EELEC  =    172939.1770  EGB     =   -229601.6824  RESTRAINT  =         0.0000
 ESURF=       358.8633
 ------------------------------------------------------------------------------

 NMR restraints: Bond =    0.000   Angle =     0.000   Torsion =     0.000
===============================================================================

 NSTEP =    60000   TIME(PS) =     120.000  TEMP(K) =   123.57  PRESS =     0.0
 Etot   =    -80193.3884  EKtot   =      4083.9551  EPtot      =    -84277.3435
 BOND   =      1787.5002  ANGLE   =      3744.8993  DIHED      =      8591.4930
 1-4 NB =      3114.2455  1-4 EEL =    -38625.6892  VDWAALS    =     -6613.7600
 EELEC  =    172817.5741  EGB     =   -229454.1747  RESTRAINT  =         0.0000
 ESURF=       360.5685
 ------------------------------------------------------------------------------

 NMR restraints: Bond =    0.000   Angle =     0.000   Torsion =     0.000
===============================================================================

 NSTEP =    65000   TIME(PS) =     130.000  TEMP(K) =   124.70  PRESS =     0.0
 Etot   =    -80048.1573  EKtot   =      4121.3599  EPtot      =    -84169.5172
 BOND   =      1771.2509  ANGLE   =      3811.4564  DIHED      =      8593.8722
 1-4 NB =      3144.1135  1-4 EEL =    -38646.6104  VDWAALS    =     -6552.1197
 EELEC  =    172732.7637  EGB     =   -229387.2443  RESTRAINT  =         0.0000
 ESURF=       363.0006
 ------------------------------------------------------------------------------

 NMR restraints: Bond =    0.000   Angle =     0.000   Torsion =     0.000
===============================================================================

 NSTEP =    70000   TIME(PS) =     140.000  TEMP(K) =   127.13  PRESS =     0.0
 Etot   =    -79947.6705  EKtot   =      4201.7993  EPtot      =    -84149.4698
 BOND   =      1766.7934  ANGLE   =      3826.6341  DIHED      =      8619.9166
 1-4 NB =      3151.7669  1-4 EEL =    -38653.0091  VDWAALS    =     -6569.0087
 EELEC  =    172345.9101  EGB     =   -229000.2842  RESTRAINT  =         0.0000
 ESURF=       361.8111
 ------------------------------------------------------------------------------

 NMR restraints: Bond =    0.000   Angle =     0.000   Torsion =     0.000
===============================================================================

 NSTEP =    75000   TIME(PS) =     150.000  TEMP(K) =   127.52  PRESS =     0.0
 Etot   =    -79811.7414  EKtot   =      4214.5386  EPtot      =    -84026.2800
 BOND   =      1832.6461  ANGLE   =      3871.5459  DIHED      =      8621.2359
 1-4 NB =      3160.7824  1-4 EEL =    -38690.0844  VDWAALS    =     -6562.6754
 EELEC  =    172320.9300  EGB     =   -228942.0420  RESTRAINT  =         0.0000
 ESURF=       361.3814
 ------------------------------------------------------------------------------

 NMR restraints: Bond =    0.000   Angle =     0.000   Torsion =     0.000
===============================================================================

 NSTEP =    80000   TIME(PS) =     160.000  TEMP(K) =   132.42  PRESS =     0.0
 Etot   =    -79647.4670  EKtot   =      4376.4663  EPtot      =    -84023.9333
 BOND   =      1804.0779  ANGLE   =      3807.3015  DIHED      =      8647.9834
 1-4 NB =      3161.9391  1-4 EEL =    -38601.0971  VDWAALS    =     -6555.9305
 EELEC  =    172046.2932  EGB     =   -228699.2508  RESTRAINT  =         0.0000
 ESURF=       364.7501
 ------------------------------------------------------------------------------

 NMR restraints: Bond =    0.000   Angle =     0.000   Torsion =     0.000
===============================================================================

 NSTEP =    85000   TIME(PS) =     170.000  TEMP(K) =   135.21  PRESS =     0.0
 Etot   =    -79449.9052  EKtot   =      4468.7812  EPtot      =    -83918.6865
 BOND   =      1862.6761  ANGLE   =      3911.2441  DIHED      =      8652.8987
 1-4 NB =      3140.6571  1-4 EEL =    -38648.1965  VDWAALS    =     -6556.5835
 EELEC  =    172129.3373  EGB     =   -228775.7099  RESTRAINT  =         0.0000
 ESURF=       364.9902
 ------------------------------------------------------------------------------

 NMR restraints: Bond =    0.000   Angle =     0.000   Torsion =     0.000
===============================================================================

 NSTEP =    90000   TIME(PS) =     180.000  TEMP(K) =   136.09  PRESS =     0.0
 Etot   =    -79271.0464  EKtot   =      4497.9844  EPtot      =    -83769.0308
 BOND   =      1847.7586  ANGLE   =      3997.2546  DIHED      =      8653.8125
 1-4 NB =      3153.0950  1-4 EEL =    -38589.5833  VDWAALS    =     -6535.7556
 EELEC  =    171849.2815  EGB     =   -228511.4755  RESTRAINT  =         0.0000
 ESURF=       366.5814
 ------------------------------------------------------------------------------

 NMR restraints: Bond =    0.000   Angle =     0.000   Torsion =     0.000
===============================================================================

 NSTEP =    95000   TIME(PS) =     190.000  TEMP(K) =   138.70  PRESS =     0.0
 Etot   =    -79189.8064  EKtot   =      4584.1162  EPtot      =    -83773.9226
 BOND   =      1920.6501  ANGLE   =      4018.9314  DIHED      =      8658.7295
 1-4 NB =      3150.9033  1-4 EEL =    -38690.6485  VDWAALS    =     -6542.1358
 EELEC  =    171872.5713  EGB     =   -228528.3724  RESTRAINT  =         0.0000
 ESURF=       365.4486
 ------------------------------------------------------------------------------

 NMR restraints: Bond =    0.000   Angle =     0.000   Torsion =     0.000
===============================================================================

 NSTEP =   100000   TIME(PS) =     200.000  TEMP(K) =   137.48  PRESS =     0.0
 Etot   =    -79172.9008  EKtot   =      4543.8765  EPtot      =    -83716.7772
 BOND   =      1888.1202  ANGLE   =      3981.2072  DIHED      =      8671.6139
 1-4 NB =      3151.6323  1-4 EEL =    -38589.1000  VDWAALS    =     -6545.3287
 EELEC  =    171810.7761  EGB     =   -228448.3177  RESTRAINT  =         0.0000
 ESURF=       362.6194
 ------------------------------------------------------------------------------

 NMR restraints: Bond =    0.000   Angle =     0.000   Torsion =     0.000
===============================================================================

 NSTEP =   105000   TIME(PS) =     210.000  TEMP(K) =   143.62  PRESS =     0.0
 Etot   =    -78862.4771  EKtot   =      4746.8135  EPtot      =    -83609.2906
 BOND   =      1908.2824  ANGLE   =      4036.4570  DIHED      =      8718.8792
 1-4 NB =      3167.6399  1-4 EEL =    -38617.7074  VDWAALS    =     -6510.5257
 EELEC  =    171650.0269  EGB     =   -228329.9819  RESTRAINT  =         0.0000
 ESURF=       367.6391
 ------------------------------------------------------------------------------

 NMR restraints: Bond =    0.000   Angle =     0.000   Torsion =     0.000
===============================================================================

 NSTEP =   110000   TIME(PS) =     220.000  TEMP(K) =   144.56  PRESS =     0.0
 Etot   =    -78848.8294  EKtot   =      4777.7173  EPtot      =    -83626.5467
 BOND   =      1951.3770  ANGLE   =      4066.9227  DIHED      =      8685.1199
 1-4 NB =      3169.5109  1-4 EEL =    -38695.9694  VDWAALS    =     -6534.7983
 EELEC  =    171406.5868  EGB     =   -228037.7566  RESTRAINT  =         0.0000
 ESURF=       362.4602
 ------------------------------------------------------------------------------

 NMR restraints: Bond =    0.000   Angle =     0.000   Torsion =     0.000
===============================================================================

 NSTEP =   115000   TIME(PS) =     230.000  TEMP(K) =   143.81  PRESS =     0.0
 Etot   =    -78748.6444  EKtot   =      4752.9165  EPtot      =    -83501.5609
 BOND   =      1982.9785  ANGLE   =      4144.8606  DIHED      =      8666.1991
 1-4 NB =      3152.8310  1-4 EEL =    -38647.7675  VDWAALS    =     -6533.5321
 EELEC  =    171476.8315  EGB     =   -228108.5913  RESTRAINT  =         0.0000
 ESURF=       364.6292
 ------------------------------------------------------------------------------

 NMR restraints: Bond =    0.000   Angle =     0.000   Torsion =     0.000
===============================================================================

 NSTEP =   120000   TIME(PS) =     240.000  TEMP(K) =   148.65  PRESS =     0.0
 Etot   =    -78525.5377  EKtot   =      4912.8984  EPtot      =    -83438.4361
 BOND   =      1980.5243  ANGLE   =      4190.9012  DIHED      =      8719.6459
 1-4 NB =      3135.9313  1-4 EEL =    -38643.2071  VDWAALS    =     -6539.3417
 EELEC  =    171375.3634  EGB     =   -228025.9675  RESTRAINT  =         0.0000
 ESURF=       367.7141
 ------------------------------------------------------------------------------

 NMR restraints: Bond =    0.000   Angle =     0.000   Torsion =     0.000
===============================================================================

 NSTEP =   125000   TIME(PS) =     250.000  TEMP(K) =   150.48  PRESS =     0.0
 Etot   =    -78384.0719  EKtot   =      4973.5146  EPtot      =    -83357.5866
 BOND   =      1956.2101  ANGLE   =      4241.5124  DIHED      =      8719.6576
 1-4 NB =      3169.7926  1-4 EEL =    -38652.7973  VDWAALS    =     -6538.4383
 EELEC  =    170992.7297  EGB     =   -227609.5920  RESTRAINT  =         0.0000
 ESURF=       363.3386
 ------------------------------------------------------------------------------

 NMR restraints: Bond =    0.000   Angle =     0.000   Torsion =     0.000
===============================================================================

 NSTEP =   130000   TIME(PS) =     260.000  TEMP(K) =   153.50  PRESS =     0.0
 Etot   =    -78163.0994  EKtot   =      5073.3867  EPtot      =    -83236.4861
 BOND   =      2047.4111  ANGLE   =      4214.3211  DIHED      =      8763.5039
 1-4 NB =      3169.1011  1-4 EEL =    -38601.4588  VDWAALS    =     -6524.4566
 EELEC  =    170629.6896  EGB     =   -227302.2608  RESTRAINT  =         0.0000
 ESURF=       367.6632
 ------------------------------------------------------------------------------

 NMR restraints: Bond =    0.000   Angle =     0.000   Torsion =     0.000
===============================================================================

 NSTEP =   135000   TIME(PS) =     270.000  TEMP(K) =   155.34  PRESS =     0.0
 Etot   =    -78120.0975  EKtot   =      5134.0220  EPtot      =    -83254.1195
 BOND   =      2048.3251  ANGLE   =      4217.0212  DIHED      =      8738.7452
 1-4 NB =      3163.1854  1-4 EEL =    -38665.9364  VDWAALS    =     -6514.0484
 EELEC  =    170772.4493  EGB     =   -227380.5836  RESTRAINT  =         0.0000
 ESURF=       366.7228
 ------------------------------------------------------------------------------

 NMR restraints: Bond =    0.000   Angle =     0.000   Torsion =     0.000
===============================================================================

 NSTEP =   140000   TIME(PS) =     280.000  TEMP(K) =   156.16  PRESS =     0.0
 Etot   =    -77966.8655  EKtot   =      5161.3120  EPtot      =    -83128.1775
 BOND   =      2077.3599  ANGLE   =      4285.8063  DIHED      =      8770.3747
 1-4 NB =      3178.1717  1-4 EEL =    -38682.5022  VDWAALS    =     -6500.9011
 EELEC  =    170730.1067  EGB     =   -227353.5574  RESTRAINT  =         0.0000
 ESURF=       366.9638
 ------------------------------------------------------------------------------

 NMR restraints: Bond =    0.000   Angle =     0.000   Torsion =     0.000
===============================================================================

 NSTEP =   145000   TIME(PS) =     290.000  TEMP(K) =   158.23  PRESS =     0.0
 Etot   =    -77805.7489  EKtot   =      5229.7959  EPtot      =    -83035.5448
 BOND   =      2081.0167  ANGLE   =      4345.6287  DIHED      =      8763.6378
 1-4 NB =      3152.5355  1-4 EEL =    -38660.2943  VDWAALS    =     -6507.6429
 EELEC  =    170550.4548  EGB     =   -227131.0986  RESTRAINT  =         0.0000
 ESURF=       370.2177
 ------------------------------------------------------------------------------

 NMR restraints: Bond =    0.000   Angle =     0.000   Torsion =     0.000
===============================================================================

 NSTEP =   150000   TIME(PS) =     300.000  TEMP(K) =   161.23  PRESS =     0.0
 Etot   =    -77668.7125  EKtot   =      5328.8491  EPtot      =    -82997.5617
 BOND   =      2112.3256  ANGLE   =      4371.3744  DIHED      =      8768.7898
 1-4 NB =      3170.1442  1-4 EEL =    -38677.8073  VDWAALS    =     -6500.6745
 EELEC  =    170116.9802  EGB     =   -226725.8471  RESTRAINT  =         0.0000
 ESURF=       367.1531
 ------------------------------------------------------------------------------

 NMR restraints: Bond =    0.000   Angle =     0.000   Torsion =     0.000
===============================================================================

 NSTEP =   155000   TIME(PS) =     310.000  TEMP(K) =   162.28  PRESS =     0.0
 Etot   =    -77498.1923  EKtot   =      5363.3936  EPtot      =    -82861.5859
 BOND   =      2091.5745  ANGLE   =      4421.9834  DIHED      =      8815.1439
 1-4 NB =      3168.5938  1-4 EEL =    -38493.7411  VDWAALS    =     -6516.1887
 EELEC  =    169954.8463  EGB     =   -226672.3977  RESTRAINT  =         0.0000
 ESURF=       368.5997
 ------------------------------------------------------------------------------

 NMR restraints: Bond =    0.000   Angle =     0.000   Torsion =     0.000
===============================================================================

 NSTEP =   160000   TIME(PS) =     320.000  TEMP(K) =   163.25  PRESS =     0.0
 Etot   =    -77473.4445  EKtot   =      5395.4399  EPtot      =    -82868.8844
 BOND   =      2159.3820  ANGLE   =      4443.4877  DIHED      =      8783.8189
 1-4 NB =      3170.6371  1-4 EEL =    -38683.0671  VDWAALS    =     -6507.3817
 EELEC  =    170151.6151  EGB     =   -226753.7770  RESTRAINT  =         0.0000
 ESURF=       366.4006
 ------------------------------------------------------------------------------

 NMR restraints: Bond =    0.000   Angle =     0.000   Torsion =     0.000
===============================================================================

 NSTEP =   165000   TIME(PS) =     330.000  TEMP(K) =   163.04  PRESS =     0.0
 Etot   =    -77409.5490  EKtot   =      5388.4985  EPtot      =    -82798.0475
 BOND   =      2199.4739  ANGLE   =      4421.6499  DIHED      =      8782.7599
 1-4 NB =      3176.6178  1-4 EEL =    -38587.7625  VDWAALS    =     -6457.3591
 EELEC  =    169592.7955  EGB     =   -226299.3089  RESTRAINT  =         0.0000
 ESURF=       373.0861
 ------------------------------------------------------------------------------

 NMR restraints: Bond =    0.000   Angle =     0.000   Torsion =     0.000
===============================================================================

 NSTEP =   170000   TIME(PS) =     340.000  TEMP(K) =   167.15  PRESS =     0.0
 Etot   =    -77159.8941  EKtot   =      5524.4028  EPtot      =    -82684.2969
 BOND   =      2175.3066  ANGLE   =      4508.0618  DIHED      =      8791.5070
 1-4 NB =      3209.6774  1-4 EEL =    -38567.6350  VDWAALS    =     -6478.6918
 EELEC  =    169323.9479  EGB     =   -226014.6306  RESTRAINT  =         0.0000
 ESURF=       368.1598
 ------------------------------------------------------------------------------

 NMR restraints: Bond =    0.000   Angle =     0.000   Torsion =     0.000
===============================================================================

 NSTEP =   175000   TIME(PS) =     350.000  TEMP(K) =   168.56  PRESS =     0.0
 Etot   =    -77094.8286  EKtot   =      5571.2197  EPtot      =    -82666.0484
 BOND   =      2243.3797  ANGLE   =      4483.7235  DIHED      =      8807.9484
 1-4 NB =      3208.5353  1-4 EEL =    -38704.9959  VDWAALS    =     -6449.3286
 EELEC  =    169430.2567  EGB     =   -226053.4441  RESTRAINT  =         0.0000
 ESURF=       367.8766
 ------------------------------------------------------------------------------

 NMR restraints: Bond =    0.000   Angle =     0.000   Torsion =     0.000
===============================================================================

 NSTEP =   180000   TIME(PS) =     360.000  TEMP(K) =   173.93  PRESS =     0.0
 Etot   =    -76826.7074  EKtot   =      5748.6416  EPtot      =    -82575.3490
 BOND   =      2285.2380  ANGLE   =      4505.7902  DIHED      =      8827.9008
 1-4 NB =      3171.9749  1-4 EEL =    -38701.6582  VDWAALS    =     -6463.5765
 EELEC  =    169403.4427  EGB     =   -225972.7036  RESTRAINT  =         0.0000
 ESURF=       368.2427
 ------------------------------------------------------------------------------

 NMR restraints: Bond =    0.000   Angle =     0.000   Torsion =     0.000
===============================================================================

 NSTEP =   185000   TIME(PS) =     370.000  TEMP(K) =   175.26  PRESS =     0.0
 Etot   =    -76737.5048  EKtot   =      5792.5596  EPtot      =    -82530.0644
 BOND   =      2258.9365  ANGLE   =      4569.1435  DIHED      =      8833.8763
 1-4 NB =      3183.2641  1-4 EEL =    -38647.2178  VDWAALS    =     -6472.7440
 EELEC  =    169391.1416  EGB     =   -226018.5495  RESTRAINT  =         0.0000
 ESURF=       372.0848
 ------------------------------------------------------------------------------

 NMR restraints: Bond =    0.000   Angle =     0.000   Torsion =     0.000
===============================================================================

 NSTEP =   190000   TIME(PS) =     380.000  TEMP(K) =   177.79  PRESS =     0.0
 Etot   =    -76588.7431  EKtot   =      5875.9756  EPtot      =    -82464.7186
 BOND   =      2287.8836  ANGLE   =      4593.0391  DIHED      =      8851.3809
 1-4 NB =      3205.3230  1-4 EEL =    -38670.9463  VDWAALS    =     -6435.5949
 EELEC  =    168978.4552  EGB     =   -225649.9155  RESTRAINT  =         0.0000
 ESURF=       375.6563
 ------------------------------------------------------------------------------

 NMR restraints: Bond =    0.000   Angle =     0.000   Torsion =     0.000
===============================================================================

 NSTEP =   195000   TIME(PS) =     390.000  TEMP(K) =   179.03  PRESS =     0.0
 Etot   =    -76483.2558  EKtot   =      5916.9648  EPtot      =    -82400.2206
 BOND   =      2235.4582  ANGLE   =      4686.2110  DIHED      =      8869.7480
 1-4 NB =      3188.9412  1-4 EEL =    -38694.0527  VDWAALS    =     -6449.4891
 EELEC  =    168845.7978  EGB     =   -225457.0659  RESTRAINT  =         0.0000
 ESURF=       374.2307
 ------------------------------------------------------------------------------

 NMR restraints: Bond =    0.000   Angle =     0.000   Torsion =     0.000
===============================================================================

 NSTEP =   200000   TIME(PS) =     400.000  TEMP(K) =   181.06  PRESS =     0.0
 Etot   =    -76339.8823  EKtot   =      5984.2407  EPtot      =    -82324.1230
 BOND   =      2297.6501  ANGLE   =      4657.4019  DIHED      =      8852.9952
 1-4 NB =      3217.3817  1-4 EEL =    -38626.0775  VDWAALS    =     -6427.9601
 EELEC  =    168874.6073  EGB     =   -225546.3075  RESTRAINT  =         0.0000
 ESURF=       376.1858
 ------------------------------------------------------------------------------

 NMR restraints: Bond =    0.000   Angle =     0.000   Torsion =     0.000
===============================================================================

 NSTEP =   205000   TIME(PS) =     410.000  TEMP(K) =   182.95  PRESS =     0.0
 Etot   =    -76251.4154  EKtot   =      6046.5229  EPtot      =    -82297.9384
 BOND   =      2260.9463  ANGLE   =      4690.9056  DIHED      =      8893.4074
 1-4 NB =      3186.3296  1-4 EEL =    -38632.1788  VDWAALS    =     -6439.3254
 EELEC  =    168388.5925  EGB     =   -225021.4122  RESTRAINT  =         0.0000
 ESURF=       374.7965
 ------------------------------------------------------------------------------

 NMR restraints: Bond =    0.000   Angle =     0.000   Torsion =     0.000
===============================================================================

 NSTEP =   210000   TIME(PS) =     420.000  TEMP(K) =   183.34  PRESS =     0.0
 Etot   =    -76139.9300  EKtot   =      6059.5039  EPtot      =    -82199.4339
 BOND   =      2318.3282  ANGLE   =      4723.3175  DIHED      =      8849.3344
 1-4 NB =      3211.4148  1-4 EEL =    -38590.7573  VDWAALS    =     -6400.9288
 EELEC  =    167946.3830  EGB     =   -224632.6715  RESTRAINT  =         0.0000
 ESURF=       376.1459
 ------------------------------------------------------------------------------

 NMR restraints: Bond =    0.000   Angle =     0.000   Torsion =     0.000
===============================================================================

 NSTEP =   215000   TIME(PS) =     430.000  TEMP(K) =   186.28  PRESS =     0.0
 Etot   =    -75991.2158  EKtot   =      6156.8862  EPtot      =    -82148.1021
 BOND   =      2346.8234  ANGLE   =      4712.9323  DIHED      =      8910.5307
 1-4 NB =      3222.9287  1-4 EEL =    -38626.5591  VDWAALS    =     -6407.4303
 EELEC  =    167999.8436  EGB     =   -224680.8500  RESTRAINT  =         0.0000
 ESURF=       373.6787
 ------------------------------------------------------------------------------

 NMR restraints: Bond =    0.000   Angle =     0.000   Torsion =     0.000
===============================================================================

 NSTEP =   220000   TIME(PS) =     440.000  TEMP(K) =   186.35  PRESS =     0.0
 Etot   =    -75921.8767  EKtot   =      6158.9160  EPtot      =    -82080.7927
 BOND   =      2383.2754  ANGLE   =      4706.9119  DIHED      =      8945.7894
 1-4 NB =      3211.9693  1-4 EEL =    -38627.0436  VDWAALS    =     -6384.6599
 EELEC  =    167897.9444  EGB     =   -224592.8757  RESTRAINT  =         0.0000
 ESURF=       377.8962
 ------------------------------------------------------------------------------

 NMR restraints: Bond =    0.000   Angle =     0.000   Torsion =     0.000
===============================================================================

 NSTEP =   225000   TIME(PS) =     450.000  TEMP(K) =   190.75  PRESS =     0.0
 Etot   =    -75672.2014  EKtot   =      6304.3765  EPtot      =    -81976.5779
 BOND   =      2395.7866  ANGLE   =      4836.9617  DIHED      =      8925.4778
 1-4 NB =      3212.7360  1-4 EEL =    -38623.7632  VDWAALS    =     -6401.7110
 EELEC  =    167713.4750  EGB     =   -224411.2913  RESTRAINT  =         0.0000
 ESURF=       375.7505
 ------------------------------------------------------------------------------

 NMR restraints: Bond =    0.000   Angle =     0.000   Torsion =     0.000
===============================================================================

 NSTEP =   230000   TIME(PS) =     460.000  TEMP(K) =   190.78  PRESS =     0.0
 Etot   =    -75593.5560  EKtot   =      6305.3477  EPtot      =    -81898.9036
 BOND   =      2398.6743  ANGLE   =      4897.9060  DIHED      =      8923.6523
 1-4 NB =      3205.2279  1-4 EEL =    -38740.8098  VDWAALS    =     -6373.3795
 EELEC  =    167769.2451  EGB     =   -224360.0179  RESTRAINT  =         0.0000
 ESURF=       380.5981
 ------------------------------------------------------------------------------

 NMR restraints: Bond =    0.000   Angle =     0.000   Torsion =     0.000
===============================================================================

 NSTEP =   235000   TIME(PS) =     470.000  TEMP(K) =   194.51  PRESS =     0.0
 Etot   =    -75376.9791  EKtot   =      6428.8408  EPtot      =    -81805.8200
 BOND   =      2474.4586  ANGLE   =      4875.2434  DIHED      =      8967.4690
 1-4 NB =      3214.7442  1-4 EEL =    -38720.1699  VDWAALS    =     -6382.3804
 EELEC  =    167329.8742  EGB     =   -223945.7213  RESTRAINT  =         0.0000
 ESURF=       380.6622
 ------------------------------------------------------------------------------

 NMR restraints: Bond =    0.000   Angle =     0.000   Torsion =     0.000
===============================================================================

 NSTEP =   240000   TIME(PS) =     480.000  TEMP(K) =   195.48  PRESS =     0.0
 Etot   =    -75448.7439  EKtot   =      6460.7559  EPtot      =    -81909.4997
 BOND   =      2400.8394  ANGLE   =      4847.0642  DIHED      =      8955.7898
 1-4 NB =      3220.1158  1-4 EEL =    -38674.3311  VDWAALS    =     -6373.0524
 EELEC  =    167340.5363  EGB     =   -224005.6813  RESTRAINT  =         0.0000
 ESURF=       379.2196
 ------------------------------------------------------------------------------

 NMR restraints: Bond =    0.000   Angle =     0.000   Torsion =     0.000
===============================================================================

 NSTEP =   245000   TIME(PS) =     490.000  TEMP(K) =   198.96  PRESS =     0.0
 Etot   =    -75174.7431  EKtot   =      6575.7842  EPtot      =    -81750.5273
 BOND   =      2405.5394  ANGLE   =      4963.7555  DIHED      =      8978.1752
 1-4 NB =      3219.2862  1-4 EEL =    -38681.3337  VDWAALS    =     -6345.4083
 EELEC  =    167129.9141  EGB     =   -223801.6334  RESTRAINT  =         0.0000
 ESURF=       381.1777
 ------------------------------------------------------------------------------

 NMR restraints: Bond =    0.000   Angle =     0.000   Torsion =     0.000
===============================================================================

 NSTEP =   250000   TIME(PS) =     500.000  TEMP(K) =   199.24  PRESS =     0.0
 Etot   =    -75037.7695  EKtot   =      6585.2134  EPtot      =    -81622.9829
 BOND   =      2430.3995  ANGLE   =      4963.4139  DIHED      =      9013.0640
 1-4 NB =      3227.9131  1-4 EEL =    -38623.5537  VDWAALS    =     -6322.7972
 EELEC  =    166896.4225  EGB     =   -223590.0349  RESTRAINT  =         0.0000
 ESURF=       382.1898
 ------------------------------------------------------------------------------

 NMR restraints: Bond =    0.000   Angle =     0.000   Torsion =     0.000
===============================================================================

 NSTEP =   255000   TIME(PS) =     510.000  TEMP(K) =   203.44  PRESS =     0.0
 Etot   =    -74875.6920  EKtot   =      6723.9517  EPtot      =    -81599.6436
 BOND   =      2466.0925  ANGLE   =      5056.7917  DIHED      =      8981.8626
 1-4 NB =      3207.5728  1-4 EEL =    -38711.5496  VDWAALS    =     -6358.8718
 EELEC  =    167217.6466  EGB     =   -223840.0471  RESTRAINT  =         0.0000
 ESURF=       380.8587
 ------------------------------------------------------------------------------

 NMR restraints: Bond =    0.000   Angle =     0.000   Torsion =     0.000
===============================================================================

 NSTEP =   260000   TIME(PS) =     520.000  TEMP(K) =   202.38  PRESS =     0.0
 Etot   =    -74820.8150  EKtot   =      6688.9360  EPtot      =    -81509.7510
 BOND   =      2563.7078  ANGLE   =      5012.3328  DIHED      =      8955.9795
 1-4 NB =      3225.4334  1-4 EEL =    -38641.8839  VDWAALS    =     -6362.0938
 EELEC  =    166927.7826  EGB     =   -223571.6856  RESTRAINT  =         0.0000
 ESURF=       380.6761
 ------------------------------------------------------------------------------

 NMR restraints: Bond =    0.000   Angle =     0.000   Torsion =     0.000
===============================================================================

 NSTEP =   265000   TIME(PS) =     530.000  TEMP(K) =   206.86  PRESS =     0.0
 Etot   =    -74536.8200  EKtot   =      6836.7979  EPtot      =    -81373.6179
 BOND   =      2556.5441  ANGLE   =      5088.0294  DIHED      =      9017.2609
 1-4 NB =      3244.1787  1-4 EEL =    -38724.0352  VDWAALS    =     -6331.0192
 EELEC  =    167041.7998  EGB     =   -223647.2822  RESTRAINT  =         0.0000
 ESURF=       380.9057
 ------------------------------------------------------------------------------

 NMR restraints: Bond =    0.000   Angle =     0.000   Torsion =     0.000
===============================================================================

 NSTEP =   270000   TIME(PS) =     540.000  TEMP(K) =   206.27  PRESS =     0.0
 Etot   =    -74509.2508  EKtot   =      6817.3833  EPtot      =    -81326.6341
 BOND   =      2558.3123  ANGLE   =      5121.0336  DIHED      =      8985.2093
 1-4 NB =      3261.6912  1-4 EEL =    -38617.2919  VDWAALS    =     -6305.7552
 EELEC  =    166487.5411  EGB     =   -223203.2772  RESTRAINT  =         0.0000
 ESURF=       385.9027
 ------------------------------------------------------------------------------

 NMR restraints: Bond =    0.000   Angle =     0.000   Torsion =     0.000
===============================================================================

 NSTEP =   275000   TIME(PS) =     550.000  TEMP(K) =   210.98  PRESS =     0.0
 Etot   =    -74307.4074  EKtot   =      6973.0244  EPtot      =    -81280.4318
 BOND   =      2563.0531  ANGLE   =      5181.2765  DIHED      =      9013.0853
 1-4 NB =      3253.5343  1-4 EEL =    -38720.3806  VDWAALS    =     -6348.2211
 EELEC  =    166436.9229  EGB     =   -223041.4793  RESTRAINT  =         0.0000
 ESURF=       381.7770
 ------------------------------------------------------------------------------

 NMR restraints: Bond =    0.000   Angle =     0.000   Torsion =     0.000
===============================================================================

 NSTEP =   280000   TIME(PS) =     560.000  TEMP(K) =   213.25  PRESS =     0.0
 Etot   =    -74127.5490  EKtot   =      7048.0225  EPtot      =    -81175.5715
 BOND   =      2586.2540  ANGLE   =      5112.8633  DIHED      =      9085.3269
 1-4 NB =      3263.7229  1-4 EEL =    -38665.8882  VDWAALS    =     -6270.7101
 EELEC  =    166303.9702  EGB     =   -222972.9992  RESTRAINT  =         0.0000
 ESURF=       381.8887
 ------------------------------------------------------------------------------

 NMR restraints: Bond =    0.000   Angle =     0.000   Torsion =     0.000
===============================================================================

 NSTEP =   285000   TIME(PS) =     570.000  TEMP(K) =   210.82  PRESS =     0.0
 Etot   =    -74170.6737  EKtot   =      6967.8423  EPtot      =    -81138.5160
 BOND   =      2565.3037  ANGLE   =      5157.7218  DIHED      =      9083.9818
 1-4 NB =      3244.6484  1-4 EEL =    -38588.2553  VDWAALS    =     -6304.6594
 EELEC  =    166036.3981  EGB     =   -222720.1525  RESTRAINT  =         0.0000
 ESURF=       386.4975
 ------------------------------------------------------------------------------

 NMR restraints: Bond =    0.000   Angle =     0.000   Torsion =     0.000
===============================================================================

 NSTEP =   290000   TIME(PS) =     580.000  TEMP(K) =   216.10  PRESS =     0.0
 Etot   =    -73884.3545  EKtot   =      7142.1909  EPtot      =    -81026.5454
 BOND   =      2659.5377  ANGLE   =      5235.2407  DIHED      =      9094.3097
 1-4 NB =      3245.7481  1-4 EEL =    -38713.2410  VDWAALS    =     -6327.9099
 EELEC  =    166392.0483  EGB     =   -222994.4173  RESTRAINT  =         0.0000
 ESURF=       382.1383
 ------------------------------------------------------------------------------

 NMR restraints: Bond =    0.000   Angle =     0.000   Torsion =     0.000
===============================================================================

 NSTEP =   295000   TIME(PS) =     590.000  TEMP(K) =   217.60  PRESS =     0.0
 Etot   =    -73832.3357  EKtot   =      7191.8433  EPtot      =    -81024.1789
 BOND   =      2635.5891  ANGLE   =      5260.7213  DIHED      =      9065.9000
 1-4 NB =      3270.1806  1-4 EEL =    -38729.2906  VDWAALS    =     -6302.9604
 EELEC  =    166257.2458  EGB     =   -222867.9637  RESTRAINT  =         0.0000
 ESURF=       386.3991
 ------------------------------------------------------------------------------

 NMR restraints: Bond =    0.000   Angle =     0.000   Torsion =     0.000
===============================================================================

 NSTEP =   300000   TIME(PS) =     600.000  TEMP(K) =   222.08  PRESS =     0.0
 Etot   =    -73519.2222  EKtot   =      7340.0269  EPtot      =    -80859.2491
 BOND   =      2676.0802  ANGLE   =      5289.6301  DIHED      =      9153.3944
 1-4 NB =      3218.9500  1-4 EEL =    -38662.6446  VDWAALS    =     -6272.7568
 EELEC  =    165548.3200  EGB     =   -222195.9730  RESTRAINT  =         0.0000
 ESURF=       385.7506
 ------------------------------------------------------------------------------

 NMR restraints: Bond =    0.000   Angle =     0.000   Torsion =     0.000
===============================================================================

 NSTEP =   305000   TIME(PS) =     610.000  TEMP(K) =   224.08  PRESS =     0.0
 Etot   =    -73515.4223  EKtot   =      7406.1938  EPtot      =    -80921.6161
 BOND   =      2679.6718  ANGLE   =      5310.2129  DIHED      =      9101.2417
 1-4 NB =      3242.8596  1-4 EEL =    -38634.0430  VDWAALS    =     -6311.1519
 EELEC  =    165833.8096  EGB     =   -222528.9954  RESTRAINT  =         0.0000
 ESURF=       384.7786
 ------------------------------------------------------------------------------

 NMR restraints: Bond =    0.000   Angle =     0.000   Torsion =     0.000
===============================================================================

 NSTEP =   310000   TIME(PS) =     620.000  TEMP(K) =   225.26  PRESS =     0.0
 Etot   =    -73360.8750  EKtot   =      7444.9404  EPtot      =    -80805.8155
 BOND   =      2675.8750  ANGLE   =      5345.0181  DIHED      =      9114.1956
 1-4 NB =      3262.2662  1-4 EEL =    -38600.2489  VDWAALS    =     -6246.7722
 EELEC  =    165475.8272  EGB     =   -222220.2692  RESTRAINT  =         0.0000
 ESURF=       388.2928
 ------------------------------------------------------------------------------

 NMR restraints: Bond =    0.000   Angle =     0.000   Torsion =     0.000
===============================================================================

 NSTEP =   315000   TIME(PS) =     630.000  TEMP(K) =   226.43  PRESS =     0.0
 Etot   =    -73207.7740  EKtot   =      7483.6797  EPtot      =    -80691.4537
 BOND   =      2721.5983  ANGLE   =      5348.2688  DIHED      =      9175.6721
 1-4 NB =      3286.9024  1-4 EEL =    -38669.9716  VDWAALS    =     -6176.3513
 EELEC  =    165665.8880  EGB     =   -222438.1763  RESTRAINT  =         0.0000
 ESURF=       394.7159
 ------------------------------------------------------------------------------

 NMR restraints: Bond =    0.000   Angle =     0.000   Torsion =     0.000
===============================================================================

 NSTEP =   320000   TIME(PS) =     640.000  TEMP(K) =   228.17  PRESS =     0.0
 Etot   =    -72968.3780  EKtot   =      7541.3232  EPtot      =    -80509.7013
 BOND   =      2808.6608  ANGLE   =      5461.8952  DIHED      =      9140.4432
 1-4 NB =      3249.8507  1-4 EEL =    -38652.0530  VDWAALS    =     -6208.2482
 EELEC  =    165351.7906  EGB     =   -222054.3245  RESTRAINT  =         0.0000
 ESURF=       392.2840
 ------------------------------------------------------------------------------

 NMR restraints: Bond =    0.000   Angle =     0.000   Torsion =     0.000
===============================================================================

 NSTEP =   325000   TIME(PS) =     650.000  TEMP(K) =   226.65  PRESS =     0.0
 Etot   =    -72937.9301  EKtot   =      7491.0132  EPtot      =    -80428.9432
 BOND   =      2843.5001  ANGLE   =      5486.8748  DIHED      =      9195.9031
 1-4 NB =      3232.9500  1-4 EEL =    -38703.4140  VDWAALS    =     -6214.4816
 EELEC  =    165403.0515  EGB     =   -222065.7187  RESTRAINT  =         0.0000
 ESURF=       392.3916
 ------------------------------------------------------------------------------

 NMR restraints: Bond =    0.000   Angle =     0.000   Torsion =     0.000
===============================================================================

 NSTEP =   330000   TIME(PS) =     660.000  TEMP(K) =   235.22  PRESS =     0.0
 Etot   =    -72705.1547  EKtot   =      7774.1279  EPtot      =    -80479.2826
 BOND   =      2765.7395  ANGLE   =      5530.5457  DIHED      =      9171.2818
 1-4 NB =      3263.6365  1-4 EEL =    -38756.9778  VDWAALS    =     -6247.9964
 EELEC  =    165237.1957  EGB     =   -221834.4669  RESTRAINT  =         0.0000
 ESURF=       391.7592
 ------------------------------------------------------------------------------

 NMR restraints: Bond =    0.000   Angle =     0.000   Torsion =     0.000
===============================================================================

 NSTEP =   335000   TIME(PS) =     670.000  TEMP(K) =   233.47  PRESS =     0.0
 Etot   =    -72626.6193  EKtot   =      7716.5142  EPtot      =    -80343.1335
 BOND   =      2830.7103  ANGLE   =      5582.7989  DIHED      =      9159.8580
 1-4 NB =      3246.7378  1-4 EEL =    -38731.2816  VDWAALS    =     -6202.4307
 EELEC  =    165064.7033  EGB     =   -221690.9589  RESTRAINT  =         0.0000
 ESURF=       396.7293
 ------------------------------------------------------------------------------

 NMR restraints: Bond =    0.000   Angle =     0.000   Torsion =     0.000
===============================================================================

 NSTEP =   340000   TIME(PS) =     680.000  TEMP(K) =   238.22  PRESS =     0.0
 Etot   =    -72506.9711  EKtot   =      7873.3154  EPtot      =    -80380.2866
 BOND   =      2817.8777  ANGLE   =      5469.5948  DIHED      =      9178.7399
 1-4 NB =      3276.8524  1-4 EEL =    -38649.2439  VDWAALS    =     -6172.4239
 EELEC  =    164754.8258  EGB     =   -221452.4671  RESTRAINT  =         0.0000
 ESURF=       395.9577
 ------------------------------------------------------------------------------

 NMR restraints: Bond =    0.000   Angle =     0.000   Torsion =     0.000
===============================================================================

 NSTEP =   345000   TIME(PS) =     690.000  TEMP(K) =   236.37  PRESS =     0.0
 Etot   =    -72499.2167  EKtot   =      7812.2900  EPtot      =    -80311.5067
 BOND   =      2791.9380  ANGLE   =      5528.6149  DIHED      =      9181.5196
 1-4 NB =      3285.9431  1-4 EEL =    -38629.6094  VDWAALS    =     -6203.8361
 EELEC  =    165181.6751  EGB     =   -221840.5128  RESTRAINT  =         0.0000
 ESURF=       392.7607
 ------------------------------------------------------------------------------

 NMR restraints: Bond =    0.000   Angle =     0.000   Torsion =     0.000
===============================================================================

 NSTEP =   350000   TIME(PS) =     700.000  TEMP(K) =   241.54  PRESS =     0.0
 Etot   =    -72209.7885  EKtot   =      7983.2124  EPtot      =    -80193.0009
 BOND   =      2866.7900  ANGLE   =      5561.5935  DIHED      =      9210.8785
 1-4 NB =      3275.1977  1-4 EEL =    -38645.1248  VDWAALS    =     -6176.0164
 EELEC  =    164466.4481  EGB     =   -221146.3766  RESTRAINT  =         0.0000
 ESURF=       393.6091
 ------------------------------------------------------------------------------

 NMR restraints: Bond =    0.000   Angle =     0.000   Torsion =     0.000
===============================================================================

 NSTEP =   355000   TIME(PS) =     710.000  TEMP(K) =   242.22  PRESS =     0.0
 Etot   =    -72123.6205  EKtot   =      8005.6016  EPtot      =    -80129.2220
 BOND   =      2932.3101  ANGLE   =      5632.3743  DIHED      =      9207.9203
 1-4 NB =      3224.4168  1-4 EEL =    -38680.2453  VDWAALS    =     -6177.7227
 EELEC  =    164267.2264  EGB     =   -220930.3204  RESTRAINT  =         0.0000
 ESURF=       394.8185
 ------------------------------------------------------------------------------

 NMR restraints: Bond =    0.000   Angle =     0.000   Torsion =     0.000
===============================================================================

 NSTEP =   360000   TIME(PS) =     720.000  TEMP(K) =   244.62  PRESS =     0.0
 Etot   =    -71884.0417  EKtot   =      8084.9795  EPtot      =    -79969.0212
 BOND   =      2913.3717  ANGLE   =      5721.6793  DIHED      =      9262.9319
 1-4 NB =      3296.0286  1-4 EEL =    -38724.7833  VDWAALS    =     -6199.0457
 EELEC  =    164266.5797  EGB     =   -220900.5572  RESTRAINT  =         0.0000
 ESURF=       394.7738
 ------------------------------------------------------------------------------

 NMR restraints: Bond =    0.000   Angle =     0.000   Torsion =     0.000
===============================================================================

 NSTEP =   365000   TIME(PS) =     730.000  TEMP(K) =   247.41  PRESS =     0.0
 Etot   =    -71765.1947  EKtot   =      8177.2563  EPtot      =    -79942.4511
 BOND   =      2896.3246  ANGLE   =      5745.4452  DIHED      =      9254.5687
 1-4 NB =      3263.5349  1-4 EEL =    -38667.1490  VDWAALS    =     -6162.3982
 EELEC  =    163802.4383  EGB     =   -220475.8992  RESTRAINT  =         0.0000
 ESURF=       400.6836
 ------------------------------------------------------------------------------

 NMR restraints: Bond =    0.000   Angle =     0.000   Torsion =     0.000
===============================================================================

 NSTEP =   370000   TIME(PS) =     740.000  TEMP(K) =   248.67  PRESS =     0.0
 Etot   =    -71792.9142  EKtot   =      8218.7422  EPtot      =    -80011.6563
 BOND   =      2935.4112  ANGLE   =      5689.9375  DIHED      =      9255.9425
 1-4 NB =      3262.7380  1-4 EEL =    -38616.9302  VDWAALS    =     -6186.0136
 EELEC  =    163600.4291  EGB     =   -220349.7872  RESTRAINT  =         0.0000
 ESURF=       396.6164
 ------------------------------------------------------------------------------

 NMR restraints: Bond =    0.000   Angle =     0.000   Torsion =     0.000
===============================================================================

 NSTEP =   375000   TIME(PS) =     750.000  TEMP(K) =   252.48  PRESS =     0.0
 Etot   =    -71520.7698  EKtot   =      8344.5986  EPtot      =    -79865.3684
 BOND   =      2986.5067  ANGLE   =      5740.9848  DIHED      =      9301.9257
 1-4 NB =      3258.9941  1-4 EEL =    -38702.7808  VDWAALS    =     -6156.8438
 EELEC  =    163964.2784  EGB     =   -220655.3315  RESTRAINT  =         0.0000
 ESURF=       396.8981
 ------------------------------------------------------------------------------

 NMR restraints: Bond =    0.000   Angle =     0.000   Torsion =     0.000
===============================================================================

 NSTEP =   380000   TIME(PS) =     760.000  TEMP(K) =   253.72  PRESS =     0.0
 Etot   =    -71338.8136  EKtot   =      8385.8486  EPtot      =    -79724.6623
 BOND   =      2965.0585  ANGLE   =      5818.3182  DIHED      =      9312.0366
 1-4 NB =      3271.7105  1-4 EEL =    -38683.6493  VDWAALS    =     -6105.2668
 EELEC  =    163434.1247  EGB     =   -220140.8473  RESTRAINT  =         0.0000
 ESURF=       403.8527
 ------------------------------------------------------------------------------

 NMR restraints: Bond =    0.000   Angle =     0.000   Torsion =     0.000
===============================================================================

 NSTEP =   385000   TIME(PS) =     770.000  TEMP(K) =   256.37  PRESS =     0.0
 Etot   =    -71211.1363  EKtot   =      8473.2080  EPtot      =    -79684.3443
 BOND   =      3058.7383  ANGLE   =      5856.5090  DIHED      =      9268.5875
 1-4 NB =      3266.0291  1-4 EEL =    -38714.8054  VDWAALS    =     -6144.2614
 EELEC  =    163061.9179  EGB     =   -219735.4783  RESTRAINT  =         0.0000
 ESURF=       398.4188
 ------------------------------------------------------------------------------

 NMR restraints: Bond =    0.000   Angle =     0.000   Torsion =     0.000
===============================================================================

 NSTEP =   390000   TIME(PS) =     780.000  TEMP(K) =   255.81  PRESS =     0.0
 Etot   =    -71251.6883  EKtot   =      8454.6494  EPtot      =    -79706.3377
 BOND   =      2973.7760  ANGLE   =      5859.9866  DIHED      =      9299.8878
 1-4 NB =      3262.0829  1-4 EEL =    -38771.6768  VDWAALS    =     -6109.2866
 EELEC  =    162961.9867  EGB     =   -219584.5695  RESTRAINT  =         0.0000
 ESURF=       401.4752
 ------------------------------------------------------------------------------

 NMR restraints: Bond =    0.000   Angle =     0.000   Torsion =     0.000
===============================================================================

 NSTEP =   395000   TIME(PS) =     790.000  TEMP(K) =   261.29  PRESS =     0.0
 Etot   =    -70910.2881  EKtot   =      8636.0420  EPtot      =    -79546.3301
 BOND   =      3031.6969  ANGLE   =      5863.6786  DIHED      =      9332.5109
 1-4 NB =      3334.9722  1-4 EEL =    -38679.4910  VDWAALS    =     -6109.8891
 EELEC  =    162908.7301  EGB     =   -219628.4673  RESTRAINT  =         0.0000
 ESURF=       399.9286
 ------------------------------------------------------------------------------

 NMR restraints: Bond =    0.000   Angle =     0.000   Torsion =     0.000
===============================================================================

 NSTEP =   400000   TIME(PS) =     800.000  TEMP(K) =   259.91  PRESS =     0.0
 Etot   =    -70832.4351  EKtot   =      8590.2998  EPtot      =    -79422.7349
 BOND   =      3023.3234  ANGLE   =      6033.8837  DIHED      =      9351.7934
 1-4 NB =      3285.1284  1-4 EEL =    -38793.5332  VDWAALS    =     -6089.1577
 EELEC  =    162510.8706  EGB     =   -219147.1398  RESTRAINT  =         0.0000
 ESURF=       402.0963
 ------------------------------------------------------------------------------

 NMR restraints: Bond =    0.000   Angle =     0.000   Torsion =     0.000
===============================================================================

 NSTEP =   405000   TIME(PS) =     810.000  TEMP(K) =   261.57  PRESS =     0.0
 Etot   =    -70672.5208  EKtot   =      8645.0771  EPtot      =    -79317.5980
 BOND   =      3097.7631  ANGLE   =      6015.3202  DIHED      =      9343.3422
 1-4 NB =      3283.9622  1-4 EEL =    -38615.3422  VDWAALS    =     -6126.6329
 EELEC  =    162718.5106  EGB     =   -219435.6412  RESTRAINT  =         0.0000
 ESURF=       401.1201
 ------------------------------------------------------------------------------

 NMR restraints: Bond =    0.000   Angle =     0.000   Torsion =     0.000
===============================================================================

 NSTEP =   410000   TIME(PS) =     820.000  TEMP(K) =   263.55  PRESS =     0.0
 Etot   =    -70674.6868  EKtot   =      8710.5391  EPtot      =    -79385.2258
 BOND   =      3100.7910  ANGLE   =      5917.3071  DIHED      =      9289.4963
 1-4 NB =      3285.7214  1-4 EEL =    -38686.6401  VDWAALS    =     -6049.9896
 EELEC  =    162461.1135  EGB     =   -219105.9309  RESTRAINT  =         0.0000
 ESURF=       402.9054
 ------------------------------------------------------------------------------

 NMR restraints: Bond =    0.000   Angle =     0.000   Torsion =     0.000
===============================================================================

 NSTEP =   415000   TIME(PS) =     830.000  TEMP(K) =   264.78  PRESS =     0.0
 Etot   =    -70419.1204  EKtot   =      8751.2168  EPtot      =    -79170.3372
 BOND   =      3091.6467  ANGLE   =      5981.7598  DIHED      =      9436.6754
 1-4 NB =      3296.8666  1-4 EEL =    -38606.5667  VDWAALS    =     -6041.5669
 EELEC  =    162284.6509  EGB     =   -219017.1556  RESTRAINT  =         0.0000
 ESURF=       403.3526
 ------------------------------------------------------------------------------

 NMR restraints: Bond =    0.000   Angle =     0.000   Torsion =     0.000
===============================================================================

 NSTEP =   420000   TIME(PS) =     840.000  TEMP(K) =   265.85  PRESS =     0.0
 Etot   =    -70269.8447  EKtot   =      8786.4443  EPtot      =    -79056.2890
 BOND   =      3145.3395  ANGLE   =      6092.4612  DIHED      =      9472.6502
 1-4 NB =      3299.9917  1-4 EEL =    -38704.4459  VDWAALS    =     -6080.6735
 EELEC  =    161908.2531  EGB     =   -218592.6074  RESTRAINT  =         0.0000
 ESURF=       402.7420
 ------------------------------------------------------------------------------

 NMR restraints: Bond =    0.000   Angle =     0.000   Torsion =     0.000
===============================================================================

 NSTEP =   425000   TIME(PS) =     850.000  TEMP(K) =   270.71  PRESS =     0.0
 Etot   =    -70112.4703  EKtot   =      8947.3008  EPtot      =    -79059.7711
 BOND   =      3159.0624  ANGLE   =      6130.8845  DIHED      =      9410.4601
 1-4 NB =      3269.5455  1-4 EEL =    -38665.7934  VDWAALS    =     -6048.9819
 EELEC  =    161753.6871  EGB     =   -218476.5707  RESTRAINT  =         0.0000
 ESURF=       407.9354
 ------------------------------------------------------------------------------

 NMR restraints: Bond =    0.000   Angle =     0.000   Torsion =     0.000
===============================================================================

 NSTEP =   430000   TIME(PS) =     860.000  TEMP(K) =   269.44  PRESS =     0.0
 Etot   =    -70077.0156  EKtot   =      8905.4102  EPtot      =    -78982.4257
 BOND   =      3225.5078  ANGLE   =      6077.8645  DIHED      =      9390.3844
 1-4 NB =      3302.2796  1-4 EEL =    -38596.5514  VDWAALS    =     -5997.5394
 EELEC  =    161440.1862  EGB     =   -218234.6073  RESTRAINT  =         0.0000
 ESURF=       410.0499
 ------------------------------------------------------------------------------

 NMR restraints: Bond =    0.000   Angle =     0.000   Torsion =     0.000
===============================================================================

 NSTEP =   435000   TIME(PS) =     870.000  TEMP(K) =   278.23  PRESS =     0.0
 Etot   =    -69761.7365  EKtot   =      9195.8604  EPtot      =    -78957.5968
 BOND   =      3240.1191  ANGLE   =      6094.6244  DIHED      =      9362.1859
 1-4 NB =      3316.2165  1-4 EEL =    -38670.2384  VDWAALS    =     -6015.3251
 EELEC  =    161483.7676  EGB     =   -218178.7568  RESTRAINT  =         0.0000
 ESURF=       409.8098
 ------------------------------------------------------------------------------

 NMR restraints: Bond =    0.000   Angle =     0.000   Torsion =     0.000
===============================================================================

 NSTEP =   440000   TIME(PS) =     880.000  TEMP(K) =   274.66  PRESS =     0.0
 Etot   =    -69835.7184  EKtot   =      9077.6436  EPtot      =    -78913.3620
 BOND   =      3173.0076  ANGLE   =      6129.7126  DIHED      =      9421.6398
 1-4 NB =      3330.3436  1-4 EEL =    -38661.0107  VDWAALS    =     -6008.4071
 EELEC  =    160876.2869  EGB     =   -217585.6325  RESTRAINT  =         0.0000
 ESURF=       410.6979
 ------------------------------------------------------------------------------

 NMR restraints: Bond =    0.000   Angle =     0.000   Torsion =     0.000
===============================================================================

 NSTEP =   445000   TIME(PS) =     890.000  TEMP(K) =   278.33  PRESS =     0.0
 Etot   =    -69654.9576  EKtot   =      9198.9131  EPtot      =    -78853.8707
 BOND   =      3186.9915  ANGLE   =      6147.6132  DIHED      =      9442.8835
 1-4 NB =      3317.3870  1-4 EEL =    -38668.7552  VDWAALS    =     -5961.1689
 EELEC  =    161281.8699  EGB     =   -218015.2984  RESTRAINT  =         0.0000
 ESURF=       414.6068
 ------------------------------------------------------------------------------

 NMR restraints: Bond =    0.000   Angle =     0.000   Torsion =     0.000
===============================================================================

 NSTEP =   450000   TIME(PS) =     900.000  TEMP(K) =   282.33  PRESS =     0.0
 Etot   =    -69368.4771  EKtot   =      9331.1689  EPtot      =    -78699.6460
 BOND   =      3252.5604  ANGLE   =      6247.1255  DIHED      =      9466.8376
 1-4 NB =      3293.4938  1-4 EEL =    -38703.5745  VDWAALS    =     -6000.5903
 EELEC  =    161421.3310  EGB     =   -218083.5523  RESTRAINT  =         0.0000
 ESURF=       406.7228
 ------------------------------------------------------------------------------

 NMR restraints: Bond =    0.000   Angle =     0.000   Torsion =     0.000
===============================================================================

 NSTEP =   455000   TIME(PS) =     910.000  TEMP(K) =   283.14  PRESS =     0.0
 Etot   =    -69279.4700  EKtot   =      9358.0928  EPtot      =    -78637.5628
 BOND   =      3301.8579  ANGLE   =      6261.3313  DIHED      =      9519.5796
 1-4 NB =      3282.3847  1-4 EEL =    -38769.2311  VDWAALS    =     -5948.4256
 EELEC  =    161600.7407  EGB     =   -218301.4295  RESTRAINT  =         0.0000
 ESURF=       415.6292
 ------------------------------------------------------------------------------

 NMR restraints: Bond =    0.000   Angle =     0.000   Torsion =     0.000
===============================================================================

 NSTEP =   460000   TIME(PS) =     920.000  TEMP(K) =   287.92  PRESS =     0.0
 Etot   =    -69100.3072  EKtot   =      9516.1104  EPtot      =    -78616.4175
 BOND   =      3281.7663  ANGLE   =      6306.9247  DIHED      =      9483.4164
 1-4 NB =      3342.6147  1-4 EEL =    -38672.5793  VDWAALS    =     -5994.8415
 EELEC  =    160955.1983  EGB     =   -217734.8436  RESTRAINT  =         0.0000
 ESURF=       415.9265
 ------------------------------------------------------------------------------

 NMR restraints: Bond =    0.000   Angle =     0.000   Torsion =     0.000
===============================================================================

 NSTEP =   465000   TIME(PS) =     930.000  TEMP(K) =   286.94  PRESS =     0.0
 Etot   =    -68956.3659  EKtot   =      9483.4912  EPtot      =    -78439.8571
 BOND   =      3277.6645  ANGLE   =      6389.4853  DIHED      =      9548.8793
 1-4 NB =      3321.6774  1-4 EEL =    -38797.1138  VDWAALS    =     -5941.5826
 EELEC  =    160971.0745  EGB     =   -217629.7239  RESTRAINT  =         0.0000
 ESURF=       419.7821
 ------------------------------------------------------------------------------

 NMR restraints: Bond =    0.000   Angle =     0.000   Torsion =     0.000
===============================================================================

 NSTEP =   470000   TIME(PS) =     940.000  TEMP(K) =   286.36  PRESS =     0.0
 Etot   =    -68804.6489  EKtot   =      9464.4854  EPtot      =    -78269.1343
 BOND   =      3375.5203  ANGLE   =      6463.2121  DIHED      =      9567.2396
 1-4 NB =      3320.4428  1-4 EEL =    -38693.8898  VDWAALS    =     -5900.9130
 EELEC  =    160231.2515  EGB     =   -217052.0271  RESTRAINT  =         0.0000
 ESURF=       420.0292
 ------------------------------------------------------------------------------

 NMR restraints: Bond =    0.000   Angle =     0.000   Torsion =     0.000
===============================================================================

 NSTEP =   475000   TIME(PS) =     950.000  TEMP(K) =   290.52  PRESS =     0.0
 Etot   =    -68599.6817  EKtot   =      9601.8623  EPtot      =    -78201.5440
 BOND   =      3385.4320  ANGLE   =      6460.5729  DIHED      =      9575.8226
 1-4 NB =      3317.3053  1-4 EEL =    -38627.1811  VDWAALS    =     -5884.2740
 EELEC  =    160175.9981  EGB     =   -217028.6223  RESTRAINT  =         0.0000
 ESURF=       423.4024
 ------------------------------------------------------------------------------

 NMR restraints: Bond =    0.000   Angle =     0.000   Torsion =     0.000
===============================================================================

 NSTEP =   480000   TIME(PS) =     960.000  TEMP(K) =   297.47  PRESS =     0.0
 Etot   =    -68527.4064  EKtot   =      9831.7793  EPtot      =    -78359.1857
 BOND   =      3288.6823  ANGLE   =      6355.5725  DIHED      =      9535.2345
 1-4 NB =      3318.8440  1-4 EEL =    -38647.8106  VDWAALS    =     -5847.4278
 EELEC  =    159740.1993  EGB     =   -216523.1048  RESTRAINT  =         0.0000
 ESURF=       420.6249
 ------------------------------------------------------------------------------

 NMR restraints: Bond =    0.000   Angle =     0.000   Torsion =     0.000
===============================================================================

 NSTEP =   485000   TIME(PS) =     970.000  TEMP(K) =   292.83  PRESS =     0.0
 Etot   =    -68496.9034  EKtot   =      9678.1836  EPtot      =    -78175.0870
 BOND   =      3428.0931  ANGLE   =      6403.8985  DIHED      =      9604.4976
 1-4 NB =      3322.8100  1-4 EEL =    -38688.7436  VDWAALS    =     -5867.5347
 EELEC  =    159500.6914  EGB     =   -216301.8210  RESTRAINT  =         0.0000
 ESURF=       423.0217
 ------------------------------------------------------------------------------

 NMR restraints: Bond =    0.000   Angle =     0.000   Torsion =     0.000
===============================================================================

 NSTEP =   490000   TIME(PS) =     980.000  TEMP(K) =   290.92  PRESS =     0.0
 Etot   =    -68571.4302  EKtot   =      9615.2266  EPtot      =    -78186.6568
 BOND   =      3312.8360  ANGLE   =      6444.3598  DIHED      =      9579.4038
 1-4 NB =      3312.9821  1-4 EEL =    -38792.1104  VDWAALS    =     -5826.4796
 EELEC  =    160221.9048  EGB     =   -216868.5501  RESTRAINT  =         0.0000
 ESURF=       428.9967
 ------------------------------------------------------------------------------

 NMR restraints: Bond =    0.000   Angle =     0.000   Torsion =     0.000
===============================================================================

 NSTEP =   495000   TIME(PS) =     990.000  TEMP(K) =   296.35  PRESS =     0.0
 Etot   =    -68169.6809  EKtot   =      9794.6289  EPtot      =    -77964.3098
 BOND   =      3442.3538  ANGLE   =      6557.5608  DIHED      =      9564.3692
 1-4 NB =      3306.8366  1-4 EEL =    -38761.5809  VDWAALS    =     -5829.4728
 EELEC  =    160114.8038  EGB     =   -216784.8131  RESTRAINT  =         0.0000
 ESURF=       425.6328
 ------------------------------------------------------------------------------

 NMR restraints: Bond =    0.000   Angle =     0.000   Torsion =     0.000
===============================================================================

 NSTEP =   500000   TIME(PS) =    1000.000  TEMP(K) =   295.35  PRESS =     0.0
 Etot   =    -68268.7307  EKtot   =      9761.6494  EPtot      =    -78030.3801
 BOND   =      3462.3800  ANGLE   =      6554.8292  DIHED      =      9611.5384
 1-4 NB =      3267.2632  1-4 EEL =    -38823.6322  VDWAALS    =     -5833.4570
 EELEC  =    160030.5860  EGB     =   -216724.5972  RESTRAINT  =         0.0000
 ESURF=       424.7094
 ------------------------------------------------------------------------------

 NMR restraints: Bond =    0.000   Angle =     0.000   Torsion =     0.000
===============================================================================

      A V E R A G E S   O V E R     100 S T E P S


 NSTEP =   500000   TIME(PS) =    1000.000  TEMP(K) =   201.10  PRESS =     0.0
 Etot   =    -74901.7699  EKtot   =      6646.4897  EPtot      =    -81548.2596
 BOND   =      2492.8618  ANGLE   =      4991.0764  DIHED      =      9008.7353
 1-4 NB =      3222.8696  1-4 EEL =    -38666.5515  VDWAALS    =     -6313.5894
 EELEC  =    167127.6022  EGB     =   -223795.4818  RESTRAINT  =         0.0000
 ESURF=       384.2177
 ------------------------------------------------------------------------------

 NMR restraints: Bond =    0.000   Angle =     0.000   Torsion =     0.000
===============================================================================

      R M S  F L U C T U A T I O N S


 NSTEP =   500000   TIME(PS) =    1000.000  TEMP(K) =    57.95  PRESS =     0.0
 Etot   =      3964.6266  EKtot   =      1915.1412  EPtot      =      2050.5622
 BOND   =       553.7916  ANGLE   =       914.4782  DIHED      =       328.9765
 1-4 NB =        64.1155  1-4 EEL =        55.2745  VDWAALS    =       229.8104
 EELEC  =      4288.8562  EGB     =      4259.5018  RESTRAINT  =         0.0000
 ESURF=        19.6486
 ------------------------------------------------------------------------------


 NMR restraints on final step:

--------------------------------------------------------------------------------
   5.  TIMINGS
--------------------------------------------------------------------------------

|  NonSetup CPU Time in Major Routines:
|
|     Routine           Sec        %
|     ------------------------------
|     Nonbond           8.05    0.33
|     Bond              0.00    0.00
|     Angle             0.00    0.00
|     Dihedral          0.00    0.00
|     Shake             1.95    0.08
|     RunMD          2410.66   99.59
|     Other             0.00    0.00
|     ------------------------------
|     Total          2420.66

|  Generalized Born CPU Time:
|
|     Routine                 Sec        %
|     ------------------------------------
|     Radii Calc              0.00    0.00
|     Diagonal Calc           0.00    0.00
|     Off Diagonal Calc       0.00    0.00
|     GBSA LCPO Calc          0.00    0.00
|     ---------------------------------
|     Total                   0.00    0.00

|  Final Performance Info:
|     -----------------------------------------------------
|     Average timings for last    5000 steps:
|     Elapsed(s) =      24.12 Per Step(ms) =       4.82
|         ns/day =      35.82   seconds/ns =    2412.27
|
|     Average timings for all steps:
|     Elapsed(s) =    2431.59 Per Step(ms) =       4.86
|         ns/day =      35.53   seconds/ns =    2431.59
|     -----------------------------------------------------

|  Setup CPU time:            0.57 seconds
|  NonSetup CPU time:      2420.66 seconds
|  Total CPU time:         2421.23 seconds     0.67 hours

|  Setup wall time:           1    seconds
|  NonSetup wall time:     2432    seconds
|  Total wall time:        2433    seconds     0.68 hours
